#
# There is insufficient memory for the Java Runtime Environment to continue.
# Native memory allocation (mmap) failed to map 78643200 bytes for Failed to commit area from 0x000000008ab00000 to 0x000000008f600000 of length 78643200.
# Possible reasons:
#   The system is out of physical RAM or swap space
#   The process is running with CompressedOops enabled, and the Java Heap may be blocking the growth of the native heap
# Possible solutions:
#   Reduce memory load on the system
#   Increase physical memory or swap space
#   Check if swap backing store is full
#   Decrease Java heap size (-Xmx/-Xms)
#   Decrease number of Java threads
#   Decrease Java thread stack sizes (-Xss)
#   Set larger code cache with -XX:ReservedCodeCacheSize=
#   JVM is running with Unscaled Compressed Oops mode in which the Java heap is
#     placed in the first 4GB address space. The Java Heap base address is the
#     maximum limit for the native heap growth. Please use -XX:HeapBaseMinAddress
#     to set the Java Heap base and to place the Java Heap above 4GB virtual address.
# This output file may be truncated or incomplete.
#
#  Out of Memory Error (./open/src/hotspot/os/windows/os_windows.cpp:3287), pid=23960, tid=17340
#
# JRE version: Java(TM) SE Runtime Environment 18.9 (11.0.16+11) (build 11.0.16+11-LTS-199)
# Java VM: Java HotSpot(TM) 64-Bit Server VM 18.9 (11.0.16+11-LTS-199, mixed mode, tiered, compressed oops, g1 gc, windows-amd64)
# No core dump will be written. Minidumps are not enabled by default on client versions of Windows
#

---------------  S U M M A R Y ------------

Command Line: -XX:MaxMetaspaceSize=512m --add-opens=java.base/java.util=ALL-UNNAMED --add-opens=java.base/java.lang=ALL-UNNAMED --add-opens=java.base/java.lang.invoke=ALL-UNNAMED --add-opens=java.base/java.util=ALL-UNNAMED --add-opens=java.prefs/java.util.prefs=ALL-UNNAMED --add-opens=java.prefs/java.util.prefs=ALL-UNNAMED --add-opens=java.base/java.nio.charset=ALL-UNNAMED --add-opens=java.base/java.net=ALL-UNNAMED --add-opens=java.base/java.util.concurrent.atomic=ALL-UNNAMED -Xmx2048m -Dfile.encoding=windows-1252 -Duser.country=IN -Duser.language=en -Duser.variant org.gradle.launcher.daemon.bootstrap.GradleDaemon 7.5.1

Host: AMD Ryzen 5 5500U with Radeon Graphics         , 12 cores, 7G,  Windows 11 , 64 bit Build 22621 (10.0.22621.2428)
Time: Fri Oct 27 18:27:29 2023 India Standard Time elapsed time: 181.598905 seconds (0d 0h 3m 1s)

---------------  T H R E A D  ---------------

Current thread (0x0000027a7a574000):  VMThread "VM Thread" [stack: 0x0000009c6ee00000,0x0000009c6ef00000] [id=17340]

Stack: [0x0000009c6ee00000,0x0000009c6ef00000]
[error occurred during error reporting (printing stack bounds), id 0xc0000005, EXCEPTION_ACCESS_VIOLATION (0xc0000005) at pc=0x0000027a00000f2d]

Native frames: (J=compiled Java code, j=interpreted, Vv=VM code, C=native code)
V  [jvm.dll+0x62a3ea]
V  [jvm.dll+0x76418f]
V  [jvm.dll+0x765839]
V  [jvm.dll+0x765e25]
V  [jvm.dll+0x765ddb]
V  [jvm.dll+0x6298d3]
V  [jvm.dll+0x629fe8]
C  [ntdll.dll+0xa449f]
C  [ntdll.dll+0x1e456]
C  [ntdll.dll+0xa348e]
C  0x0000027a00000f2d

VM_Operation (0x0000009c700f3470): G1CollectForAllocation, mode: safepoint, requested by thread 0x0000027a7bc6d000


---------------  P R O C E S S  ---------------

Threads class SMR info:
_java_thread_list=0x0000027a12d92560, length=181, elements={
0x0000027a6b11b000, 0x0000027a7a576000, 0x0000027a7a584000, 0x0000027a7a590800,
0x0000027a7a591800, 0x0000027a7a594800, 0x0000027a7a597800, 0x0000027a7a59b000,
0x0000027a7a5ab000, 0x0000027a7b066000, 0x0000027a7ddd0000, 0x0000027a7c73c000,
0x0000027a7c375800, 0x0000027a7de47000, 0x0000027a7c471800, 0x0000027a7bc6b800,
0x0000027a7bc6d000, 0x0000027a7bc6f000, 0x0000027a7e0c4000, 0x0000027a7dd79000,
0x0000027a7dd76800, 0x0000027a7dd74800, 0x0000027a7dd75000, 0x0000027a7dd76000,
0x0000027a7dd77800, 0x0000027a7dd78800, 0x0000027a7dd7a000, 0x0000027a7dd7b000,
0x0000027a7e4dd000, 0x0000027a7e4dd800, 0x0000027a7e4dc000, 0x0000027a7e4e1000,
0x0000027a7e4de800, 0x0000027a7e4df000, 0x0000027a7e4e6000, 0x0000027a7e4e0000,
0x0000027a7e4e6800, 0x0000027a7e4e7800, 0x0000027a7e4e5000, 0x0000027a7e4e3800,
0x0000027a7e4e8000, 0x0000027a7e4e2800, 0x0000027a7e4ea000, 0x0000027a7e4e9000,
0x0000027a7bfaf800, 0x0000027a7bfac000, 0x0000027a7bfad000, 0x0000027a7bfad800,
0x0000027a7bfae800, 0x0000027a7bfab800, 0x0000027a7bfa9800, 0x0000027a7bfb0000,
0x0000027a7bfaa800, 0x0000027a7bfb2800, 0x0000027a7bfb6800, 0x0000027a7bfb3800,
0x0000027a7bfb4800, 0x0000027a7bfb5000, 0x0000027a7bfb1000, 0x0000027a7bfb6000,
0x0000027a7bfb2000, 0x0000027a7bfb8800, 0x0000027a7bfb7800, 0x0000027a7b222000,
0x0000027a7b21f800, 0x0000027a7b21c000, 0x0000027a7b220000, 0x0000027a7b21d000,
0x0000027a7b222800, 0x0000027a7b223800, 0x0000027a7b21d800, 0x0000027a7b224800,
0x0000027a7b221000, 0x0000027a7b21e800, 0x0000027a7b228800, 0x0000027a7b22b000,
0x0000027a7b226000, 0x0000027a7b229000, 0x0000027a7b22a000, 0x0000027a7b225000,
0x0000027a7b227800, 0x0000027a105b3800, 0x0000027a105b8800, 0x0000027a105b9800,
0x0000027a105b7000, 0x0000027a105b7800, 0x0000027a105b5800, 0x0000027a105b6000,
0x0000027a105bf000, 0x0000027a105be800, 0x0000027a105bb000, 0x0000027a105c0000,
0x0000027a105bc000, 0x0000027a105bd800, 0x0000027a105bc800, 0x0000027a105ba000,
0x0000027a105c0800, 0x0000027a105c1800, 0x0000027a105c2800, 0x0000027a10520000,
0x0000027a10521000, 0x0000027a1051b800, 0x0000027a1051d000, 0x0000027a10522000,
0x0000027a1051f800, 0x0000027a1051c000, 0x0000027a10522800, 0x0000027a10523800,
0x0000027a1051d800, 0x0000027a10524800, 0x0000027a1051e800, 0x0000027a10526800,
0x0000027a10525000, 0x0000027a1052a000, 0x0000027a10528800, 0x0000027a10529000,
0x0000027a10526000, 0x0000027a10527800, 0x0000027a107f0000, 0x0000027a107f1000,
0x0000027a107eb000, 0x0000027a107ef000, 0x0000027a107ec000, 0x0000027a107f2800,
0x0000027a107f1800, 0x0000027a107ed000, 0x0000027a107ee800, 0x0000027a107f3800,
0x0000027a107ed800, 0x0000027a107f5800, 0x0000027a107f5000, 0x0000027a107f8000,
0x0000027a107f7800, 0x0000027a107f6800, 0x0000027a107f9000, 0x0000027a107fa000,
0x0000027a107f4000, 0x0000027a0fdf9800, 0x0000027a0fdf8800, 0x0000027a0fdfb000,
0x0000027a0fdfa000, 0x0000027a0fdf5800, 0x0000027a0fdfc000, 0x0000027a0fdf6000,
0x0000027a0fdfc800, 0x0000027a0fdf7000, 0x0000027a0fdfd800, 0x0000027a0fdf7800,
0x0000027a0fdfe800, 0x0000027a0fe03000, 0x0000027a0fe00800, 0x0000027a0fe01800,
0x0000027a0fe04000, 0x0000027a0fe02800, 0x0000027a0fdff000, 0x0000027a0fe00000,
0x0000027a12206800, 0x0000027a12204000, 0x0000027a12204800, 0x0000027a12207000,
0x0000027a12205800, 0x0000027a12208000, 0x0000027a12202800, 0x0000027a12209000,
0x0000027a12203000, 0x0000027a1220d800, 0x0000027a1220d000, 0x0000027a1220e800,
0x0000027a1220b800, 0x0000027a1220c000, 0x0000027a1220f800, 0x0000027a12209800,
0x0000027a12210000, 0x0000027a1220a800, 0x0000027a12211000, 0x0000027a12258000,
0x0000027a12255800, 0x0000027a12257000, 0x0000027a12252800, 0x0000027a12254000,
0x0000027a12259000
}

Java Threads: ( => current thread )
  0x0000027a6b11b000 JavaThread "main" [_thread_blocked, id=27596, stack(0x0000009c6e800000,0x0000009c6e900000)]
  0x0000027a7a576000 JavaThread "Reference Handler" daemon [_thread_blocked, id=23204, stack(0x0000009c6ef00000,0x0000009c6f000000)]
  0x0000027a7a584000 JavaThread "Finalizer" daemon [_thread_blocked, id=27344, stack(0x0000009c6f000000,0x0000009c6f100000)]
  0x0000027a7a590800 JavaThread "Signal Dispatcher" daemon [_thread_blocked, id=34216, stack(0x0000009c6f100000,0x0000009c6f200000)]
  0x0000027a7a591800 JavaThread "Attach Listener" daemon [_thread_blocked, id=29892, stack(0x0000009c6f200000,0x0000009c6f300000)]
  0x0000027a7a594800 JavaThread "Service Thread" daemon [_thread_blocked, id=29648, stack(0x0000009c6f300000,0x0000009c6f400000)]
  0x0000027a7a597800 JavaThread "C2 CompilerThread0" daemon [_thread_in_native, id=30476, stack(0x0000009c6f400000,0x0000009c6f500000)]
  0x0000027a7a59b000 JavaThread "C1 CompilerThread0" daemon [_thread_blocked, id=4160, stack(0x0000009c6f500000,0x0000009c6f600000)]
  0x0000027a7a5ab000 JavaThread "Sweeper thread" daemon [_thread_blocked, id=16684, stack(0x0000009c6f600000,0x0000009c6f700000)]
  0x0000027a7b066000 JavaThread "Common-Cleaner" daemon [_thread_blocked, id=9356, stack(0x0000009c6f700000,0x0000009c6f800000)]
  0x0000027a7ddd0000 JavaThread "Daemon health stats" [_thread_blocked, id=6340, stack(0x0000009c6fa00000,0x0000009c6fb00000)]
  0x0000027a7c73c000 JavaThread "Incoming local TCP Connector on port 61951" [_thread_in_native, id=35612, stack(0x0000009c6fb00000,0x0000009c6fc00000)]
  0x0000027a7c375800 JavaThread "Daemon periodic checks" [_thread_blocked, id=29444, stack(0x0000009c6fc00000,0x0000009c6fd00000)]
  0x0000027a7de47000 JavaThread "Daemon" [_thread_blocked, id=34512, stack(0x0000009c6fd00000,0x0000009c6fe00000)]
  0x0000027a7c471800 JavaThread "Handler for socket connection from /127.0.0.1:61951 to /127.0.0.1:61952" [_thread_in_native, id=24300, stack(0x0000009c6fe00000,0x0000009c6ff00000)]
  0x0000027a7bc6b800 JavaThread "Cancel handler" [_thread_blocked, id=29928, stack(0x0000009c6ff00000,0x0000009c70000000)]
  0x0000027a7bc6d000 JavaThread "Daemon worker" [_thread_blocked, id=17900, stack(0x0000009c70000000,0x0000009c70100000)]
  0x0000027a7bc6f000 JavaThread "Asynchronous log dispatcher for DefaultDaemonConnection: socket connection from /127.0.0.1:61951 to /127.0.0.1:61952" [_thread_blocked, id=7264, stack(0x0000009c70100000,0x0000009c70200000)]
  0x0000027a7e0c4000 JavaThread "Stdin handler" [_thread_blocked, id=31368, stack(0x0000009c70200000,0x0000009c70300000)]
  0x0000027a7dd79000 JavaThread "Daemon client event forwarder" [_thread_blocked, id=28000, stack(0x0000009c70300000,0x0000009c70400000)]
  0x0000027a7dd76800 JavaThread "Cache worker for journal cache (C:\Users\Mohammed Navab\.gradle\caches\journal-1)" [_thread_blocked, id=32700, stack(0x0000009c70d00000,0x0000009c70e00000)]
  0x0000027a7dd74800 JavaThread "File lock request listener" [_thread_in_native, id=7724, stack(0x0000009c70e00000,0x0000009c70f00000)]
  0x0000027a7dd75000 JavaThread "Cache worker for file hash cache (C:\Users\Mohammed Navab\.gradle\caches\7.5.1\fileHashes)" [_thread_blocked, id=14504, stack(0x0000009c70f00000,0x0000009c71000000)]
  0x0000027a7dd76000 JavaThread "File watcher server" daemon [_thread_in_native, id=9976, stack(0x0000009c71200000,0x0000009c71300000)]
  0x0000027a7dd77800 JavaThread "File watcher consumer" daemon [_thread_blocked, id=25040, stack(0x0000009c71300000,0x0000009c71400000)]
  0x0000027a7dd78800 JavaThread "Cache worker for checksums cache (C:\SaifApp\saifApp\android\.gradle\7.5.1\checksums)" [_thread_blocked, id=13592, stack(0x0000009c71400000,0x0000009c71500000)]
  0x0000027a7dd7a000 JavaThread "Cache worker for cache directory md-rule (C:\Users\Mohammed Navab\.gradle\caches\7.5.1\md-rule)" [_thread_blocked, id=33248, stack(0x0000009c71500000,0x0000009c71600000)]
  0x0000027a7dd7b000 JavaThread "Cache worker for file content cache (C:\Users\Mohammed Navab\.gradle\caches\7.5.1\fileContent)" [_thread_blocked, id=11064, stack(0x0000009c71600000,0x0000009c71700000)]
  0x0000027a7e4dd000 JavaThread "Cache worker for file hash cache (C:\SaifApp\saifApp\android\.gradle\7.5.1\fileHashes)" [_thread_blocked, id=35788, stack(0x0000009c71700000,0x0000009c71800000)]
  0x0000027a7e4dd800 JavaThread "Cache worker for cache directory md-supplier (C:\Users\Mohammed Navab\.gradle\caches\7.5.1\md-supplier)" [_thread_blocked, id=1180, stack(0x0000009c71800000,0x0000009c71900000)]
  0x0000027a7e4dc000 JavaThread "Cache worker for execution history cache (C:\Users\Mohammed Navab\.gradle\caches\7.5.1\executionHistory)" [_thread_blocked, id=2820, stack(0x0000009c71900000,0x0000009c71a00000)]
  0x0000027a7e4e1000 JavaThread "jar transforms" [_thread_blocked, id=352, stack(0x0000009c71b00000,0x0000009c71c00000)]
  0x0000027a7e4de800 JavaThread "jar transforms Thread 2" [_thread_blocked, id=19552, stack(0x0000009c71c00000,0x0000009c71d00000)]
  0x0000027a7e4df000 JavaThread "jar transforms Thread 3" [_thread_blocked, id=14540, stack(0x0000009c71d00000,0x0000009c71e00000)]
  0x0000027a7e4e6000 JavaThread "jar transforms Thread 4" [_thread_blocked, id=22316, stack(0x0000009c71e00000,0x0000009c71f00000)]
  0x0000027a7e4e0000 JavaThread "Cache worker for kotlin-dsl (C:\Users\Mohammed Navab\.gradle\caches\7.5.1\kotlin-dsl)" [_thread_blocked, id=14692, stack(0x0000009c71f00000,0x0000009c72000000)]
  0x0000027a7e4e6800 JavaThread "jar transforms Thread 5" [_thread_blocked, id=9408, stack(0x0000009c72000000,0x0000009c72100000)]
  0x0000027a7e4e7800 JavaThread "jar transforms Thread 6" [_thread_blocked, id=28760, stack(0x0000009c72100000,0x0000009c72200000)]
  0x0000027a7e4e5000 JavaThread "Cache worker for dependencies-accessors (C:\SaifApp\saifApp\android\.gradle\7.5.1\dependencies-accessors)" [_thread_blocked, id=32584, stack(0x0000009c72200000,0x0000009c72300000)]
  0x0000027a7e4e3800 JavaThread "Cache worker for Build Output Cleanup Cache (C:\SaifApp\saifApp\node_modules\react-native-gradle-plugin\.gradle\buildOutputCleanup)" [_thread_blocked, id=35000, stack(0x0000009c72300000,0x0000009c72400000)]
  0x0000027a7e4e8000 JavaThread "jar transforms Thread 7" [_thread_blocked, id=1752, stack(0x0000009c72400000,0x0000009c72500000)]
  0x0000027a7e4e2800 JavaThread "Unconstrained build operations" [_thread_blocked, id=23248, stack(0x0000009c72500000,0x0000009c72600000)]
  0x0000027a7e4ea000 JavaThread "Unconstrained build operations Thread 2" [_thread_blocked, id=22676, stack(0x0000009c72600000,0x0000009c72700000)]
  0x0000027a7e4e9000 JavaThread "Unconstrained build operations Thread 3" [_thread_blocked, id=32612, stack(0x0000009c72700000,0x0000009c72800000)]
  0x0000027a7bfaf800 JavaThread "Unconstrained build operations Thread 4" [_thread_blocked, id=18816, stack(0x0000009c72800000,0x0000009c72900000)]
  0x0000027a7bfac000 JavaThread "Unconstrained build operations Thread 5" [_thread_blocked, id=23308, stack(0x0000009c72900000,0x0000009c72a00000)]
  0x0000027a7bfad000 JavaThread "Unconstrained build operations Thread 6" [_thread_blocked, id=16372, stack(0x0000009c72a00000,0x0000009c72b00000)]
  0x0000027a7bfad800 JavaThread "Unconstrained build operations Thread 7" [_thread_blocked, id=7136, stack(0x0000009c72b00000,0x0000009c72c00000)]
  0x0000027a7bfae800 JavaThread "Unconstrained build operations Thread 8" [_thread_blocked, id=30356, stack(0x0000009c72c00000,0x0000009c72d00000)]
  0x0000027a7bfab800 JavaThread "Unconstrained build operations Thread 9" [_thread_blocked, id=18600, stack(0x0000009c72d00000,0x0000009c72e00000)]
  0x0000027a7bfa9800 JavaThread "Unconstrained build operations Thread 10" [_thread_blocked, id=35696, stack(0x0000009c72e00000,0x0000009c72f00000)]
  0x0000027a7bfb0000 JavaThread "Unconstrained build operations Thread 11" [_thread_blocked, id=35500, stack(0x0000009c72f00000,0x0000009c73000000)]
  0x0000027a7bfaa800 JavaThread "Unconstrained build operations Thread 12" [_thread_blocked, id=23528, stack(0x0000009c73000000,0x0000009c73100000)]
  0x0000027a7bfb2800 JavaThread "Unconstrained build operations Thread 13" [_thread_blocked, id=30440, stack(0x0000009c73100000,0x0000009c73200000)]
  0x0000027a7bfb6800 JavaThread "Unconstrained build operations Thread 14" [_thread_blocked, id=31720, stack(0x0000009c73200000,0x0000009c73300000)]
  0x0000027a7bfb3800 JavaThread "Unconstrained build operations Thread 15" [_thread_blocked, id=33196, stack(0x0000009c73300000,0x0000009c73400000)]
  0x0000027a7bfb4800 JavaThread "Unconstrained build operations Thread 16" [_thread_blocked, id=22304, stack(0x0000009c73400000,0x0000009c73500000)]
  0x0000027a7bfb5000 JavaThread "Unconstrained build operations Thread 17" [_thread_blocked, id=35424, stack(0x0000009c73500000,0x0000009c73600000)]
  0x0000027a7bfb1000 JavaThread "Unconstrained build operations Thread 18" [_thread_blocked, id=26972, stack(0x0000009c73600000,0x0000009c73700000)]
  0x0000027a7bfb6000 JavaThread "Unconstrained build operations Thread 19" [_thread_blocked, id=35300, stack(0x0000009c73700000,0x0000009c73800000)]
  0x0000027a7bfb2000 JavaThread "Unconstrained build operations Thread 20" [_thread_blocked, id=1044, stack(0x0000009c73800000,0x0000009c73900000)]
  0x0000027a7bfb8800 JavaThread "Unconstrained build operations Thread 21" [_thread_blocked, id=16112, stack(0x0000009c73900000,0x0000009c73a00000)]
  0x0000027a7bfb7800 JavaThread "Unconstrained build operations Thread 22" [_thread_blocked, id=26880, stack(0x0000009c73a00000,0x0000009c73b00000)]
  0x0000027a7b222000 JavaThread "Unconstrained build operations Thread 23" [_thread_blocked, id=10176, stack(0x0000009c73b00000,0x0000009c73c00000)]
  0x0000027a7b21f800 JavaThread "Unconstrained build operations Thread 24" [_thread_blocked, id=17444, stack(0x0000009c73c00000,0x0000009c73d00000)]
  0x0000027a7b21c000 JavaThread "Unconstrained build operations Thread 25" [_thread_blocked, id=19248, stack(0x0000009c73d00000,0x0000009c73e00000)]
  0x0000027a7b220000 JavaThread "Unconstrained build operations Thread 26" [_thread_blocked, id=25488, stack(0x0000009c73e00000,0x0000009c73f00000)]
  0x0000027a7b21d000 JavaThread "Unconstrained build operations Thread 27" [_thread_blocked, id=11732, stack(0x0000009c73f00000,0x0000009c74000000)]
  0x0000027a7b222800 JavaThread "Unconstrained build operations Thread 28" [_thread_blocked, id=16840, stack(0x0000009c74000000,0x0000009c74100000)]
  0x0000027a7b223800 JavaThread "Unconstrained build operations Thread 29" [_thread_blocked, id=10496, stack(0x0000009c74100000,0x0000009c74200000)]
  0x0000027a7b21d800 JavaThread "Unconstrained build operations Thread 30" [_thread_blocked, id=11884, stack(0x0000009c74200000,0x0000009c74300000)]
  0x0000027a7b224800 JavaThread "Unconstrained build operations Thread 31" [_thread_blocked, id=23716, stack(0x0000009c74300000,0x0000009c74400000)]
  0x0000027a7b221000 JavaThread "Unconstrained build operations Thread 32" [_thread_blocked, id=32532, stack(0x0000009c74400000,0x0000009c74500000)]
  0x0000027a7b21e800 JavaThread "Unconstrained build operations Thread 33" [_thread_blocked, id=4720, stack(0x0000009c74500000,0x0000009c74600000)]
  0x0000027a7b228800 JavaThread "jar transforms Thread 8" [_thread_blocked, id=27024, stack(0x0000009c74600000,0x0000009c74700000)]
  0x0000027a7b22b000 JavaThread "jar transforms Thread 9" [_thread_blocked, id=28144, stack(0x0000009c74700000,0x0000009c74800000)]
  0x0000027a7b226000 JavaThread "jar transforms Thread 10" [_thread_blocked, id=18100, stack(0x0000009c74800000,0x0000009c74900000)]
  0x0000027a7b229000 JavaThread "jar transforms Thread 11" [_thread_blocked, id=18364, stack(0x0000009c74900000,0x0000009c74a00000)]
  0x0000027a7b22a000 JavaThread "jar transforms Thread 12" [_thread_blocked, id=21836, stack(0x0000009c74a00000,0x0000009c74b00000)]
  0x0000027a7b225000 JavaThread "build event listener" [_thread_blocked, id=33704, stack(0x0000009c74b00000,0x0000009c74c00000)]
  0x0000027a7b227800 JavaThread "Memory manager" [_thread_blocked, id=29824, stack(0x0000009c74c00000,0x0000009c74d00000)]
  0x0000027a105b3800 JavaThread "Cache worker for Build Output Cleanup Cache (C:\SaifApp\saifApp\android\.gradle\buildOutputCleanup)" [_thread_blocked, id=30572, stack(0x0000009c74f00000,0x0000009c75000000)]
  0x0000027a105b8800 JavaThread "Execution worker" [_thread_blocked, id=15748, stack(0x0000009c75100000,0x0000009c75200000)]
  0x0000027a105b9800 JavaThread "Execution worker Thread 2" [_thread_blocked, id=13300, stack(0x0000009c75200000,0x0000009c75300000)]
  0x0000027a105b7000 JavaThread "Execution worker Thread 3" [_thread_blocked, id=25028, stack(0x0000009c75300000,0x0000009c75400000)]
  0x0000027a105b7800 JavaThread "Execution worker Thread 4" [_thread_blocked, id=5744, stack(0x0000009c75400000,0x0000009c75500000)]
  0x0000027a105b5800 JavaThread "Execution worker Thread 5" [_thread_blocked, id=23036, stack(0x0000009c75500000,0x0000009c75600000)]
  0x0000027a105b6000 JavaThread "Execution worker Thread 6" [_thread_blocked, id=30372, stack(0x0000009c75600000,0x0000009c75700000)]
  0x0000027a105bf000 JavaThread "Execution worker Thread 7" [_thread_blocked, id=20644, stack(0x0000009c75700000,0x0000009c75800000)]
  0x0000027a105be800 JavaThread "Execution worker Thread 8" [_thread_blocked, id=31168, stack(0x0000009c75800000,0x0000009c75900000)]
  0x0000027a105bb000 JavaThread "Execution worker Thread 9" [_thread_blocked, id=648, stack(0x0000009c75900000,0x0000009c75a00000)]
  0x0000027a105c0000 JavaThread "Execution worker Thread 10" [_thread_blocked, id=2468, stack(0x0000009c75a00000,0x0000009c75b00000)]
  0x0000027a105bc000 JavaThread "Execution worker Thread 11" [_thread_blocked, id=8684, stack(0x0000009c75b00000,0x0000009c75c00000)]
  0x0000027a105bd800 JavaThread "Cache worker for execution history cache (C:\SaifApp\saifApp\node_modules\react-native-gradle-plugin\.gradle\7.5.1\executionHistory)" [_thread_blocked, id=1320, stack(0x0000009c75c00000,0x0000009c75d00000)]
  0x0000027a105bc800 JavaThread "Unconstrained build operations Thread 34" [_thread_blocked, id=30644, stack(0x0000009c75d00000,0x0000009c75e00000)]
  0x0000027a105ba000 JavaThread "Unconstrained build operations Thread 35" [_thread_blocked, id=23636, stack(0x0000009c75e00000,0x0000009c75f00000)]
  0x0000027a105c0800 JavaThread "Unconstrained build operations Thread 36" [_thread_blocked, id=34164, stack(0x0000009c75f00000,0x0000009c76000000)]
  0x0000027a105c1800 JavaThread "Unconstrained build operations Thread 37" [_thread_blocked, id=19932, stack(0x0000009c76000000,0x0000009c76100000)]
  0x0000027a105c2800 JavaThread "Unconstrained build operations Thread 38" [_thread_blocked, id=10620, stack(0x0000009c76100000,0x0000009c76200000)]
  0x0000027a10520000 JavaThread "Unconstrained build operations Thread 39" [_thread_blocked, id=20744, stack(0x0000009c76200000,0x0000009c76300000)]
  0x0000027a10521000 JavaThread "Unconstrained build operations Thread 40" [_thread_blocked, id=22244, stack(0x0000009c76300000,0x0000009c76400000)]
  0x0000027a1051b800 JavaThread "Unconstrained build operations Thread 41" [_thread_blocked, id=35656, stack(0x0000009c76400000,0x0000009c76500000)]
  0x0000027a1051d000 JavaThread "Unconstrained build operations Thread 42" [_thread_blocked, id=29548, stack(0x0000009c76500000,0x0000009c76600000)]
  0x0000027a10522000 JavaThread "Unconstrained build operations Thread 43" [_thread_blocked, id=17544, stack(0x0000009c76600000,0x0000009c76700000)]
  0x0000027a1051f800 JavaThread "Unconstrained build operations Thread 44" [_thread_blocked, id=32740, stack(0x0000009c76700000,0x0000009c76800000)]
  0x0000027a1051c000 JavaThread "Unconstrained build operations Thread 45" [_thread_blocked, id=1056, stack(0x0000009c76800000,0x0000009c76900000)]
  0x0000027a10522800 JavaThread "Unconstrained build operations Thread 46" [_thread_blocked, id=19940, stack(0x0000009c76900000,0x0000009c76a00000)]
  0x0000027a10523800 JavaThread "Unconstrained build operations Thread 47" [_thread_blocked, id=15260, stack(0x0000009c76a00000,0x0000009c76b00000)]
  0x0000027a1051d800 JavaThread "Unconstrained build operations Thread 48" [_thread_blocked, id=30696, stack(0x0000009c76b00000,0x0000009c76c00000)]
  0x0000027a10524800 JavaThread "Unconstrained build operations Thread 49" [_thread_blocked, id=35732, stack(0x0000009c76c00000,0x0000009c76d00000)]
  0x0000027a1051e800 JavaThread "Unconstrained build operations Thread 50" [_thread_blocked, id=14832, stack(0x0000009c76d00000,0x0000009c76e00000)]
  0x0000027a10526800 JavaThread "Unconstrained build operations Thread 51" [_thread_blocked, id=21968, stack(0x0000009c76e00000,0x0000009c76f00000)]
  0x0000027a10525000 JavaThread "Unconstrained build operations Thread 52" [_thread_blocked, id=13680, stack(0x0000009c76f00000,0x0000009c77000000)]
  0x0000027a1052a000 JavaThread "Unconstrained build operations Thread 53" [_thread_blocked, id=32728, stack(0x0000009c77000000,0x0000009c77100000)]
  0x0000027a10528800 JavaThread "Unconstrained build operations Thread 54" [_thread_blocked, id=15224, stack(0x0000009c77100000,0x0000009c77200000)]
  0x0000027a10529000 JavaThread "Unconstrained build operations Thread 55" [_thread_blocked, id=35212, stack(0x0000009c77200000,0x0000009c77300000)]
  0x0000027a10526000 JavaThread "Unconstrained build operations Thread 56" [_thread_blocked, id=1400, stack(0x0000009c77300000,0x0000009c77400000)]
  0x0000027a10527800 JavaThread "Unconstrained build operations Thread 57" [_thread_blocked, id=1724, stack(0x0000009c77400000,0x0000009c77500000)]
  0x0000027a107f0000 JavaThread "Unconstrained build operations Thread 58" [_thread_blocked, id=20960, stack(0x0000009c77500000,0x0000009c77600000)]
  0x0000027a107f1000 JavaThread "Unconstrained build operations Thread 59" [_thread_blocked, id=12896, stack(0x0000009c77600000,0x0000009c77700000)]
  0x0000027a107eb000 JavaThread "Unconstrained build operations Thread 60" [_thread_blocked, id=31252, stack(0x0000009c77700000,0x0000009c77800000)]
  0x0000027a107ef000 JavaThread "Unconstrained build operations Thread 61" [_thread_blocked, id=4100, stack(0x0000009c77800000,0x0000009c77900000)]
  0x0000027a107ec000 JavaThread "Unconstrained build operations Thread 62" [_thread_blocked, id=32060, stack(0x0000009c77900000,0x0000009c77a00000)]
  0x0000027a107f2800 JavaThread "Unconstrained build operations Thread 63" [_thread_blocked, id=27072, stack(0x0000009c77a00000,0x0000009c77b00000)]
  0x0000027a107f1800 JavaThread "Unconstrained build operations Thread 64" [_thread_blocked, id=15756, stack(0x0000009c77b00000,0x0000009c77c00000)]
  0x0000027a107ed000 JavaThread "Unconstrained build operations Thread 65" [_thread_blocked, id=34484, stack(0x0000009c77c00000,0x0000009c77d00000)]
  0x0000027a107ee800 JavaThread "Unconstrained build operations Thread 66" [_thread_blocked, id=27524, stack(0x0000009c77d00000,0x0000009c77e00000)]
  0x0000027a107f3800 JavaThread "Unconstrained build operations Thread 67" [_thread_blocked, id=30864, stack(0x0000009c77e00000,0x0000009c77f00000)]
  0x0000027a107ed800 JavaThread "Unconstrained build operations Thread 68" [_thread_blocked, id=7448, stack(0x0000009c77f00000,0x0000009c78000000)]
  0x0000027a107f5800 JavaThread "Unconstrained build operations Thread 69" [_thread_blocked, id=33872, stack(0x0000009c78000000,0x0000009c78100000)]
  0x0000027a107f5000 JavaThread "Unconstrained build operations Thread 70" [_thread_blocked, id=31784, stack(0x0000009c78100000,0x0000009c78200000)]
  0x0000027a107f8000 JavaThread "Unconstrained build operations Thread 71" [_thread_blocked, id=8072, stack(0x0000009c78200000,0x0000009c78300000)]
  0x0000027a107f7800 JavaThread "Unconstrained build operations Thread 72" [_thread_blocked, id=14276, stack(0x0000009c78300000,0x0000009c78400000)]
  0x0000027a107f6800 JavaThread "Unconstrained build operations Thread 73" [_thread_blocked, id=27888, stack(0x0000009c78400000,0x0000009c78500000)]
  0x0000027a107f9000 JavaThread "Unconstrained build operations Thread 74" [_thread_blocked, id=12928, stack(0x0000009c78500000,0x0000009c78600000)]
  0x0000027a107fa000 JavaThread "Unconstrained build operations Thread 75" [_thread_blocked, id=27816, stack(0x0000009c78600000,0x0000009c78700000)]
  0x0000027a107f4000 JavaThread "Unconstrained build operations Thread 76" [_thread_blocked, id=31004, stack(0x0000009c78700000,0x0000009c78800000)]
  0x0000027a0fdf9800 JavaThread "Unconstrained build operations Thread 77" [_thread_blocked, id=32092, stack(0x0000009c78800000,0x0000009c78900000)]
  0x0000027a0fdf8800 JavaThread "Unconstrained build operations Thread 78" [_thread_blocked, id=24376, stack(0x0000009c78900000,0x0000009c78a00000)]
  0x0000027a0fdfb000 JavaThread "Unconstrained build operations Thread 79" [_thread_blocked, id=17480, stack(0x0000009c78a00000,0x0000009c78b00000)]
  0x0000027a0fdfa000 JavaThread "Unconstrained build operations Thread 80" [_thread_blocked, id=944, stack(0x0000009c78b00000,0x0000009c78c00000)]
  0x0000027a0fdf5800 JavaThread "Unconstrained build operations Thread 81" [_thread_blocked, id=27132, stack(0x0000009c78c00000,0x0000009c78d00000)]
  0x0000027a0fdfc000 JavaThread "Unconstrained build operations Thread 82" [_thread_blocked, id=14120, stack(0x0000009c78d00000,0x0000009c78e00000)]
  0x0000027a0fdf6000 JavaThread "Unconstrained build operations Thread 83" [_thread_blocked, id=13544, stack(0x0000009c78e00000,0x0000009c78f00000)]
  0x0000027a0fdfc800 JavaThread "Unconstrained build operations Thread 84" [_thread_blocked, id=15448, stack(0x0000009c78f00000,0x0000009c79000000)]
  0x0000027a0fdf7000 JavaThread "Unconstrained build operations Thread 85" [_thread_blocked, id=33288, stack(0x0000009c79000000,0x0000009c79100000)]
  0x0000027a0fdfd800 JavaThread "Unconstrained build operations Thread 86" [_thread_blocked, id=27804, stack(0x0000009c79100000,0x0000009c79200000)]
  0x0000027a0fdf7800 JavaThread "Unconstrained build operations Thread 87" [_thread_blocked, id=28652, stack(0x0000009c79200000,0x0000009c79300000)]
  0x0000027a0fdfe800 JavaThread "Unconstrained build operations Thread 88" [_thread_blocked, id=27016, stack(0x0000009c79300000,0x0000009c79400000)]
  0x0000027a0fe03000 JavaThread "Unconstrained build operations Thread 89" [_thread_blocked, id=11572, stack(0x0000009c79400000,0x0000009c79500000)]
  0x0000027a0fe00800 JavaThread "Unconstrained build operations Thread 90" [_thread_blocked, id=26272, stack(0x0000009c79500000,0x0000009c79600000)]
  0x0000027a0fe01800 JavaThread "Unconstrained build operations Thread 91" [_thread_blocked, id=31972, stack(0x0000009c79600000,0x0000009c79700000)]
  0x0000027a0fe04000 JavaThread "Unconstrained build operations Thread 92" [_thread_blocked, id=13136, stack(0x0000009c79700000,0x0000009c79800000)]
  0x0000027a0fe02800 JavaThread "Unconstrained build operations Thread 93" [_thread_blocked, id=22984, stack(0x0000009c79800000,0x0000009c79900000)]
  0x0000027a0fdff000 JavaThread "Unconstrained build operations Thread 94" [_thread_blocked, id=14028, stack(0x0000009c79900000,0x0000009c79a00000)]
  0x0000027a0fe00000 JavaThread "Unconstrained build operations Thread 95" [_thread_blocked, id=16964, stack(0x0000009c79a00000,0x0000009c79b00000)]
  0x0000027a12206800 JavaThread "Unconstrained build operations Thread 96" [_thread_blocked, id=27964, stack(0x0000009c79b00000,0x0000009c79c00000)]
  0x0000027a12204000 JavaThread "Unconstrained build operations Thread 97" [_thread_blocked, id=2288, stack(0x0000009c79c00000,0x0000009c79d00000)]
  0x0000027a12204800 JavaThread "Unconstrained build operations Thread 98" [_thread_blocked, id=34784, stack(0x0000009c79d00000,0x0000009c79e00000)]
  0x0000027a12207000 JavaThread "Unconstrained build operations Thread 99" [_thread_blocked, id=30340, stack(0x0000009c79e00000,0x0000009c79f00000)]
  0x0000027a12205800 JavaThread "Unconstrained build operations Thread 100" [_thread_blocked, id=19280, stack(0x0000009c79f00000,0x0000009c7a000000)]
  0x0000027a12208000 JavaThread "Unconstrained build operations Thread 101" [_thread_blocked, id=28972, stack(0x0000009c7a000000,0x0000009c7a100000)]
  0x0000027a12202800 JavaThread "Unconstrained build operations Thread 102" [_thread_blocked, id=34776, stack(0x0000009c7a100000,0x0000009c7a200000)]
  0x0000027a12209000 JavaThread "Unconstrained build operations Thread 103" [_thread_blocked, id=28420, stack(0x0000009c7a200000,0x0000009c7a300000)]
  0x0000027a12203000 JavaThread "Unconstrained build operations Thread 104" [_thread_blocked, id=13608, stack(0x0000009c7a300000,0x0000009c7a400000)]
  0x0000027a1220d800 JavaThread "Unconstrained build operations Thread 105" [_thread_blocked, id=24272, stack(0x0000009c7a400000,0x0000009c7a500000)]
  0x0000027a1220d000 JavaThread "Unconstrained build operations Thread 106" [_thread_blocked, id=28664, stack(0x0000009c7a500000,0x0000009c7a600000)]
  0x0000027a1220e800 JavaThread "Unconstrained build operations Thread 107" [_thread_blocked, id=25340, stack(0x0000009c7a600000,0x0000009c7a700000)]
  0x0000027a1220b800 JavaThread "Unconstrained build operations Thread 108" [_thread_blocked, id=9500, stack(0x0000009c7a700000,0x0000009c7a800000)]
  0x0000027a1220c000 JavaThread "Unconstrained build operations Thread 109" [_thread_blocked, id=34024, stack(0x0000009c7a800000,0x0000009c7a900000)]
  0x0000027a1220f800 JavaThread "Unconstrained build operations Thread 110" [_thread_blocked, id=13000, stack(0x0000009c7a900000,0x0000009c7aa00000)]
  0x0000027a12209800 JavaThread "Unconstrained build operations Thread 111" [_thread_blocked, id=12364, stack(0x0000009c7aa00000,0x0000009c7ab00000)]
  0x0000027a12210000 JavaThread "Unconstrained build operations Thread 112" [_thread_blocked, id=4756, stack(0x0000009c7ab00000,0x0000009c7ac00000)]
  0x0000027a1220a800 JavaThread "Unconstrained build operations Thread 113" [_thread_blocked, id=21628, stack(0x0000009c7ac00000,0x0000009c7ad00000)]
  0x0000027a12211000 JavaThread "Unconstrained build operations Thread 114" [_thread_blocked, id=11148, stack(0x0000009c7ad00000,0x0000009c7ae00000)]
  0x0000027a12258000 JavaThread "Unconstrained build operations Thread 115" [_thread_blocked, id=30748, stack(0x0000009c7ae00000,0x0000009c7af00000)]
  0x0000027a12255800 JavaThread "Unconstrained build operations Thread 116" [_thread_blocked, id=23516, stack(0x0000009c7af00000,0x0000009c7b000000)]
  0x0000027a12257000 JavaThread "Unconstrained build operations Thread 117" [_thread_blocked, id=14108, stack(0x0000009c7b000000,0x0000009c7b100000)]
  0x0000027a12252800 JavaThread "Unconstrained build operations Thread 118" [_thread_blocked, id=4376, stack(0x0000009c7b100000,0x0000009c7b200000)]
  0x0000027a12254000 JavaThread "Unconstrained build operations Thread 119" [_thread_blocked, id=7576, stack(0x0000009c7b200000,0x0000009c7b300000)]
  0x0000027a12259000 JavaThread "Unconstrained build operations Thread 120" [_thread_blocked, id=34872, stack(0x0000009c7b300000,0x0000009c7b400000)]

Other Threads:
=>0x0000027a7a574000 VMThread "VM Thread" [stack: 0x0000009c6ee00000,0x0000009c6ef00000] [id=17340]
  0x0000027a7b09b000 WatcherThread [stack: 0x0000009c6f800000,0x0000009c6f900000] [id=3856]
  0x0000027a6b133800 GCTaskThread "GC Thread#0" [stack: 0x0000009c6e900000,0x0000009c6ea00000] [id=12268]
  0x0000027a7c145800 GCTaskThread "GC Thread#1" [stack: 0x0000009c6f900000,0x0000009c6fa00000] [id=7484]
  0x0000027a7df12800 GCTaskThread "GC Thread#2" [stack: 0x0000009c70400000,0x0000009c70500000] [id=34460]
  0x0000027a7e08d800 GCTaskThread "GC Thread#3" [stack: 0x0000009c70500000,0x0000009c70600000] [id=17568]
  0x0000027a7e08e000 GCTaskThread "GC Thread#4" [stack: 0x0000009c70600000,0x0000009c70700000] [id=16692]
  0x0000027a7e0a7000 GCTaskThread "GC Thread#5" [stack: 0x0000009c70700000,0x0000009c70800000] [id=12412]
  0x0000027a7e0a7800 GCTaskThread "GC Thread#6" [stack: 0x0000009c70800000,0x0000009c70900000] [id=25932]
  0x0000027a7e0ac800 GCTaskThread "GC Thread#7" [stack: 0x0000009c70900000,0x0000009c70a00000] [id=33660]
  0x0000027a7e0ad000 GCTaskThread "GC Thread#8" [stack: 0x0000009c70a00000,0x0000009c70b00000] [id=15216]
  0x0000027a7e0b0000 GCTaskThread "GC Thread#9" [stack: 0x0000009c70b00000,0x0000009c70c00000] [id=26140]
  0x0000027a6b166000 ConcurrentGCThread "G1 Main Marker" [stack: 0x0000009c6ea00000,0x0000009c6eb00000] [id=12548]
  0x0000027a6b167000 ConcurrentGCThread "G1 Conc#0" [stack: 0x0000009c6eb00000,0x0000009c6ec00000] [id=26868]
  0x0000027a7df2a000 ConcurrentGCThread "G1 Conc#1" [stack: 0x0000009c71000000,0x0000009c71100000] [id=34128]
  0x0000027a7e17e800 ConcurrentGCThread "G1 Conc#2" [stack: 0x0000009c71100000,0x0000009c71200000] [id=34308]
  0x0000027a7a3e6800 ConcurrentGCThread "G1 Refine#0" [stack: 0x0000009c6ec00000,0x0000009c6ed00000] [id=13408]
  0x0000027a7b360000 ConcurrentGCThread "G1 Refine#1" [stack: 0x0000009c70c00000,0x0000009c70d00000] [id=7272]
  0x0000027a7a3e7000 ConcurrentGCThread "G1 Young RemSet Sampling" [stack: 0x0000009c6ed00000,0x0000009c6ee00000] [id=25980]

Threads with active compile tasks:
C2 CompilerThread0   181817 11606       4       org.gradle.internal.instantiation.generator.AbstractClassGenerator::inspectType (560 bytes)

VM state:at safepoint (normal execution)

VM Mutex/Monitor currently owned by a thread:  ([mutex/lock_event])
[0x0000027a6b117e00] Threads_lock - owner thread: 0x0000027a7a574000
[0x0000027a6b118ca0] Heap_lock - owner thread: 0x0000027a7bc6d000

Heap address: 0x0000000080000000, size: 2048 MB, Compressed Oops mode: 32-bit
Narrow klass base: 0x0000000000000000, Narrow klass shift: 3
Compressed class space size: 528482304 Address: 0x0000000100000000

Heap:
 garbage-first heap   total 251904K, used 126252K [0x0000000080000000, 0x0000000100000000)
  region size 1024K, 3 young (3072K), 3 survivors (3072K)
 Metaspace       used 93436K, capacity 96896K, committed 97016K, reserved 600064K
  class space    used 12414K, capacity 13698K, committed 13816K, reserved 516096K
Heap Regions: E=young(eden), S=young(survivor), O=old, HS=humongous(starts), HC=humongous(continues), CS=collection set, F=free, A=archive, TAMS=top-at-mark-start (previous, next)
|   0|0x0000000080000000, 0x0000000080100000, 0x0000000080100000|100%| O|  |TAMS 0x0000000080100000, 0x0000000080100000| Untracked 
|   1|0x0000000080100000, 0x0000000080200000, 0x0000000080200000|100%| O|  |TAMS 0x0000000080200000, 0x0000000080200000| Untracked 
|   2|0x0000000080200000, 0x0000000080300000, 0x0000000080300000|100%| O|  |TAMS 0x0000000080300000, 0x0000000080300000| Untracked 
|   3|0x0000000080300000, 0x0000000080400000, 0x0000000080400000|100%|HS|  |TAMS 0x0000000080400000, 0x0000000080400000| Complete 
|   4|0x0000000080400000, 0x0000000080500000, 0x0000000080500000|100%|HC|  |TAMS 0x0000000080500000, 0x0000000080500000| Complete 
|   5|0x0000000080500000, 0x0000000080600000, 0x0000000080600000|100%|HC|  |TAMS 0x0000000080600000, 0x0000000080600000| Complete 
|   6|0x0000000080600000, 0x0000000080700000, 0x0000000080700000|100%| O|  |TAMS 0x0000000080700000, 0x0000000080700000| Untracked 
|   7|0x0000000080700000, 0x0000000080800000, 0x0000000080800000|100%| O|  |TAMS 0x0000000080800000, 0x0000000080800000| Untracked 
|   8|0x0000000080800000, 0x0000000080900000, 0x0000000080900000|100%| O|  |TAMS 0x0000000080900000, 0x0000000080900000| Untracked 
|   9|0x0000000080900000, 0x0000000080a00000, 0x0000000080a00000|100%| O|  |TAMS 0x0000000080a00000, 0x0000000080a00000| Untracked 
|  10|0x0000000080a00000, 0x0000000080b00000, 0x0000000080b00000|100%| O|  |TAMS 0x0000000080b00000, 0x0000000080b00000| Untracked 
|  11|0x0000000080b00000, 0x0000000080c00000, 0x0000000080c00000|100%| O|  |TAMS 0x0000000080c00000, 0x0000000080c00000| Untracked 
|  12|0x0000000080c00000, 0x0000000080d00000, 0x0000000080d00000|100%| O|  |TAMS 0x0000000080d00000, 0x0000000080d00000| Untracked 
|  13|0x0000000080d00000, 0x0000000080e00000, 0x0000000080e00000|100%| O|  |TAMS 0x0000000080e00000, 0x0000000080e00000| Untracked 
|  14|0x0000000080e00000, 0x0000000080f00000, 0x0000000080f00000|100%| O|  |TAMS 0x0000000080f00000, 0x0000000080f00000| Untracked 
|  15|0x0000000080f00000, 0x0000000081000000, 0x0000000081000000|100%| O|  |TAMS 0x0000000081000000, 0x0000000081000000| Untracked 
|  16|0x0000000081000000, 0x0000000081100000, 0x0000000081100000|100%| O|  |TAMS 0x0000000081100000, 0x0000000081100000| Untracked 
|  17|0x0000000081100000, 0x0000000081200000, 0x0000000081200000|100%|HS|  |TAMS 0x0000000081200000, 0x0000000081200000| Complete 
|  18|0x0000000081200000, 0x0000000081300000, 0x0000000081300000|100%| O|  |TAMS 0x0000000081300000, 0x0000000081300000| Untracked 
|  19|0x0000000081300000, 0x0000000081400000, 0x0000000081400000|100%| O|  |TAMS 0x0000000081400000, 0x0000000081400000| Untracked 
|  20|0x0000000081400000, 0x0000000081500000, 0x0000000081500000|100%| O|  |TAMS 0x0000000081500000, 0x0000000081500000| Untracked 
|  21|0x0000000081500000, 0x0000000081600000, 0x0000000081600000|100%| O|  |TAMS 0x0000000081600000, 0x0000000081600000| Untracked 
|  22|0x0000000081600000, 0x0000000081700000, 0x0000000081700000|100%| O|  |TAMS 0x0000000081700000, 0x0000000081700000| Untracked 
|  23|0x0000000081700000, 0x0000000081800000, 0x0000000081800000|100%| O|  |TAMS 0x0000000081800000, 0x0000000081800000| Untracked 
|  24|0x0000000081800000, 0x0000000081900000, 0x0000000081900000|100%| O|  |TAMS 0x0000000081900000, 0x0000000081900000| Untracked 
|  25|0x0000000081900000, 0x0000000081a00000, 0x0000000081a00000|100%| O|  |TAMS 0x0000000081a00000, 0x0000000081a00000| Untracked 
|  26|0x0000000081a00000, 0x0000000081b00000, 0x0000000081b00000|100%| O|  |TAMS 0x0000000081b00000, 0x0000000081b00000| Untracked 
|  27|0x0000000081b00000, 0x0000000081c00000, 0x0000000081c00000|100%| O|  |TAMS 0x0000000081c00000, 0x0000000081c00000| Untracked 
|  28|0x0000000081c00000, 0x0000000081d00000, 0x0000000081d00000|100%| O|  |TAMS 0x0000000081d00000, 0x0000000081d00000| Untracked 
|  29|0x0000000081d00000, 0x0000000081e00000, 0x0000000081e00000|100%| O|  |TAMS 0x0000000081e00000, 0x0000000081e00000| Untracked 
|  30|0x0000000081e00000, 0x0000000081f00000, 0x0000000081f00000|100%|HS|  |TAMS 0x0000000081f00000, 0x0000000081f00000| Complete 
|  31|0x0000000081f00000, 0x0000000082000000, 0x0000000082000000|100%|HC|  |TAMS 0x0000000082000000, 0x0000000082000000| Complete 
|  32|0x0000000082000000, 0x0000000082100000, 0x0000000082100000|100%|HC|  |TAMS 0x0000000082100000, 0x0000000082100000| Complete 
|  33|0x0000000082100000, 0x0000000082200000, 0x0000000082200000|100%| O|  |TAMS 0x0000000082200000, 0x0000000082200000| Untracked 
|  34|0x0000000082200000, 0x0000000082300000, 0x0000000082300000|100%| O|  |TAMS 0x0000000082300000, 0x0000000082300000| Untracked 
|  35|0x0000000082300000, 0x0000000082400000, 0x0000000082400000|100%| O|  |TAMS 0x0000000082400000, 0x0000000082400000| Untracked 
|  36|0x0000000082400000, 0x0000000082500000, 0x0000000082500000|100%| O|  |TAMS 0x0000000082500000, 0x0000000082500000| Untracked 
|  37|0x0000000082500000, 0x0000000082600000, 0x0000000082600000|100%| O|  |TAMS 0x0000000082600000, 0x0000000082600000| Untracked 
|  38|0x0000000082600000, 0x0000000082700000, 0x0000000082700000|100%| O|  |TAMS 0x0000000082700000, 0x0000000082700000| Untracked 
|  39|0x0000000082700000, 0x0000000082800000, 0x0000000082800000|100%| O|  |TAMS 0x0000000082800000, 0x0000000082800000| Untracked 
|  40|0x0000000082800000, 0x0000000082900000, 0x0000000082900000|100%| O|  |TAMS 0x0000000082900000, 0x0000000082900000| Untracked 
|  41|0x0000000082900000, 0x0000000082a00000, 0x0000000082a00000|100%| O|  |TAMS 0x0000000082a00000, 0x0000000082a00000| Untracked 
|  42|0x0000000082a00000, 0x0000000082b00000, 0x0000000082b00000|100%| O|  |TAMS 0x0000000082b00000, 0x0000000082b00000| Untracked 
|  43|0x0000000082b00000, 0x0000000082c00000, 0x0000000082c00000|100%| O|  |TAMS 0x0000000082c00000, 0x0000000082c00000| Untracked 
|  44|0x0000000082c00000, 0x0000000082d00000, 0x0000000082d00000|100%| O|  |TAMS 0x0000000082d00000, 0x0000000082d00000| Untracked 
|  45|0x0000000082d00000, 0x0000000082e00000, 0x0000000082e00000|100%| O|  |TAMS 0x0000000082e00000, 0x0000000082e00000| Untracked 
|  46|0x0000000082e00000, 0x0000000082f00000, 0x0000000082f00000|100%| O|  |TAMS 0x0000000082f00000, 0x0000000082f00000| Untracked 
|  47|0x0000000082f00000, 0x0000000083000000, 0x0000000083000000|100%| O|  |TAMS 0x0000000083000000, 0x0000000083000000| Untracked 
|  48|0x0000000083000000, 0x0000000083100000, 0x0000000083100000|100%|HS|  |TAMS 0x0000000083100000, 0x0000000083100000| Complete 
|  49|0x0000000083100000, 0x0000000083200000, 0x0000000083200000|100%|HS|  |TAMS 0x0000000083200000, 0x0000000083200000| Complete 
|  50|0x0000000083200000, 0x0000000083300000, 0x0000000083300000|100%| O|  |TAMS 0x0000000083300000, 0x0000000083300000| Untracked 
|  51|0x0000000083300000, 0x0000000083400000, 0x0000000083400000|100%|HS|  |TAMS 0x0000000083400000, 0x0000000083400000| Complete 
|  52|0x0000000083400000, 0x0000000083500000, 0x0000000083500000|100%|HC|  |TAMS 0x0000000083500000, 0x0000000083500000| Complete 
|  53|0x0000000083500000, 0x0000000083600000, 0x0000000083600000|100%| O|  |TAMS 0x0000000083600000, 0x0000000083600000| Untracked 
|  54|0x0000000083600000, 0x0000000083700000, 0x0000000083700000|100%| O|  |TAMS 0x0000000083700000, 0x0000000083700000| Untracked 
|  55|0x0000000083700000, 0x0000000083800000, 0x0000000083800000|100%| O|  |TAMS 0x0000000083800000, 0x0000000083800000| Untracked 
|  56|0x0000000083800000, 0x0000000083900000, 0x0000000083900000|100%| O|  |TAMS 0x0000000083900000, 0x0000000083900000| Untracked 
|  57|0x0000000083900000, 0x0000000083a00000, 0x0000000083a00000|100%| O|  |TAMS 0x0000000083a00000, 0x0000000083a00000| Untracked 
|  58|0x0000000083a00000, 0x0000000083b00000, 0x0000000083b00000|100%| O|  |TAMS 0x0000000083b00000, 0x0000000083b00000| Untracked 
|  59|0x0000000083b00000, 0x0000000083c00000, 0x0000000083c00000|100%| O|  |TAMS 0x0000000083c00000, 0x0000000083c00000| Untracked 
|  60|0x0000000083c00000, 0x0000000083d00000, 0x0000000083d00000|100%| O|  |TAMS 0x0000000083d00000, 0x0000000083d00000| Untracked 
|  61|0x0000000083d00000, 0x0000000083e00000, 0x0000000083e00000|100%| O|  |TAMS 0x0000000083e00000, 0x0000000083e00000| Untracked 
|  62|0x0000000083e00000, 0x0000000083f00000, 0x0000000083f00000|100%| O|  |TAMS 0x0000000083f00000, 0x0000000083f00000| Untracked 
|  63|0x0000000083f00000, 0x0000000084000000, 0x0000000084000000|100%| O|  |TAMS 0x0000000084000000, 0x0000000084000000| Untracked 
|  64|0x0000000084000000, 0x0000000084100000, 0x0000000084100000|100%| O|  |TAMS 0x0000000084100000, 0x0000000084100000| Untracked 
|  65|0x0000000084100000, 0x0000000084200000, 0x0000000084200000|100%| O|  |TAMS 0x0000000084200000, 0x0000000084200000| Untracked 
|  66|0x0000000084200000, 0x0000000084300000, 0x0000000084300000|100%| O|  |TAMS 0x0000000084300000, 0x0000000084300000| Untracked 
|  67|0x0000000084300000, 0x0000000084400000, 0x0000000084400000|100%| O|  |TAMS 0x0000000084400000, 0x0000000084400000| Untracked 
|  68|0x0000000084400000, 0x0000000084500000, 0x0000000084500000|100%| O|  |TAMS 0x0000000084500000, 0x0000000084500000| Untracked 
|  69|0x0000000084500000, 0x0000000084600000, 0x0000000084600000|100%| O|  |TAMS 0x0000000084600000, 0x0000000084600000| Untracked 
|  70|0x0000000084600000, 0x0000000084700000, 0x0000000084700000|100%| O|  |TAMS 0x0000000084700000, 0x0000000084700000| Untracked 
|  71|0x0000000084700000, 0x0000000084800000, 0x0000000084800000|100%| O|  |TAMS 0x0000000084800000, 0x0000000084800000| Untracked 
|  72|0x0000000084800000, 0x0000000084900000, 0x0000000084900000|100%| O|  |TAMS 0x0000000084900000, 0x0000000084900000| Untracked 
|  73|0x0000000084900000, 0x0000000084a00000, 0x0000000084a00000|100%| O|  |TAMS 0x0000000084a00000, 0x0000000084a00000| Untracked 
|  74|0x0000000084a00000, 0x0000000084b00000, 0x0000000084b00000|100%| O|  |TAMS 0x0000000084b00000, 0x0000000084b00000| Untracked 
|  75|0x0000000084b00000, 0x0000000084c00000, 0x0000000084c00000|100%| O|  |TAMS 0x0000000084c00000, 0x0000000084c00000| Untracked 
|  76|0x0000000084c00000, 0x0000000084d00000, 0x0000000084d00000|100%| O|  |TAMS 0x0000000084d00000, 0x0000000084d00000| Untracked 
|  77|0x0000000084d00000, 0x0000000084e00000, 0x0000000084e00000|100%| O|  |TAMS 0x0000000084e00000, 0x0000000084e00000| Untracked 
|  78|0x0000000084e00000, 0x0000000084f00000, 0x0000000084f00000|100%| O|  |TAMS 0x0000000084f00000, 0x0000000084f00000| Untracked 
|  79|0x0000000084f00000, 0x0000000085000000, 0x0000000085000000|100%| O|  |TAMS 0x0000000085000000, 0x0000000085000000| Untracked 
|  80|0x0000000085000000, 0x0000000085100000, 0x0000000085100000|100%|HS|  |TAMS 0x0000000085100000, 0x0000000085100000| Complete 
|  81|0x0000000085100000, 0x0000000085200000, 0x0000000085200000|100%|HC|  |TAMS 0x0000000085200000, 0x0000000085200000| Complete 
|  82|0x0000000085200000, 0x0000000085300000, 0x0000000085300000|100%| O|  |TAMS 0x0000000085300000, 0x0000000085300000| Untracked 
|  83|0x0000000085300000, 0x0000000085400000, 0x0000000085400000|100%| O|  |TAMS 0x0000000085400000, 0x0000000085400000| Untracked 
|  84|0x0000000085400000, 0x0000000085500000, 0x0000000085500000|100%| O|  |TAMS 0x0000000085500000, 0x0000000085500000| Untracked 
|  85|0x0000000085500000, 0x0000000085600000, 0x0000000085600000|100%|HS|  |TAMS 0x0000000085600000, 0x0000000085600000| Complete 
|  86|0x0000000085600000, 0x0000000085700000, 0x0000000085700000|100%|HC|  |TAMS 0x0000000085700000, 0x0000000085700000| Complete 
|  87|0x0000000085700000, 0x0000000085800000, 0x0000000085800000|100%|HC|  |TAMS 0x0000000085800000, 0x0000000085800000| Complete 
|  88|0x0000000085800000, 0x0000000085900000, 0x0000000085900000|100%|HC|  |TAMS 0x0000000085900000, 0x0000000085900000| Complete 
|  89|0x0000000085900000, 0x0000000085a00000, 0x0000000085a00000|100%| O|  |TAMS 0x0000000085a00000, 0x0000000085a00000| Untracked 
|  90|0x0000000085a00000, 0x0000000085b00000, 0x0000000085b00000|100%| O|  |TAMS 0x0000000085b00000, 0x0000000085b00000| Untracked 
|  91|0x0000000085b00000, 0x0000000085c00000, 0x0000000085c00000|100%| O|  |TAMS 0x0000000085c00000, 0x0000000085c00000| Untracked 
|  92|0x0000000085c00000, 0x0000000085d00000, 0x0000000085d00000|100%| O|  |TAMS 0x0000000085d00000, 0x0000000085d00000| Untracked 
|  93|0x0000000085d00000, 0x0000000085e00000, 0x0000000085e00000|100%| O|  |TAMS 0x0000000085e00000, 0x0000000085e00000| Untracked 
|  94|0x0000000085e00000, 0x0000000085f00000, 0x0000000085f00000|100%| O|  |TAMS 0x0000000085f00000, 0x0000000085f00000| Untracked 
|  95|0x0000000085f00000, 0x0000000086000000, 0x0000000086000000|100%| O|  |TAMS 0x0000000086000000, 0x0000000086000000| Untracked 
|  96|0x0000000086000000, 0x0000000086100000, 0x0000000086100000|100%|HS|  |TAMS 0x0000000086100000, 0x0000000086100000| Complete 
|  97|0x0000000086100000, 0x0000000086200000, 0x0000000086200000|100%|HC|  |TAMS 0x0000000086200000, 0x0000000086200000| Complete 
|  98|0x0000000086200000, 0x0000000086300000, 0x0000000086300000|100%|HS|  |TAMS 0x0000000086300000, 0x0000000086300000| Complete 
|  99|0x0000000086300000, 0x0000000086400000, 0x0000000086400000|100%|HC|  |TAMS 0x0000000086400000, 0x0000000086400000| Complete 
| 100|0x0000000086400000, 0x0000000086500000, 0x0000000086500000|100%| O|  |TAMS 0x0000000086500000, 0x0000000086500000| Untracked 
| 101|0x0000000086500000, 0x0000000086600000, 0x0000000086600000|100%| O|  |TAMS 0x0000000086600000, 0x0000000086600000| Untracked 
| 102|0x0000000086600000, 0x0000000086700000, 0x0000000086700000|100%| O|  |TAMS 0x0000000086700000, 0x0000000086700000| Untracked 
| 103|0x0000000086700000, 0x0000000086800000, 0x0000000086800000|100%| O|  |TAMS 0x0000000086800000, 0x0000000086800000| Untracked 
| 104|0x0000000086800000, 0x0000000086900000, 0x0000000086900000|100%| O|  |TAMS 0x0000000086900000, 0x0000000086900000| Untracked 
| 105|0x0000000086900000, 0x0000000086a00000, 0x0000000086a00000|100%| O|  |TAMS 0x0000000086a00000, 0x0000000086a00000| Untracked 
| 106|0x0000000086a00000, 0x0000000086b00000, 0x0000000086b00000|100%| O|  |TAMS 0x0000000086b00000, 0x0000000086b00000| Untracked 
| 107|0x0000000086b00000, 0x0000000086c00000, 0x0000000086c00000|100%| O|  |TAMS 0x0000000086c00000, 0x0000000086c00000| Untracked 
| 108|0x0000000086c00000, 0x0000000086d00000, 0x0000000086d00000|100%| O|  |TAMS 0x0000000086d00000, 0x0000000086d00000| Untracked 
| 109|0x0000000086d00000, 0x0000000086e00000, 0x0000000086e00000|100%| O|  |TAMS 0x0000000086e00000, 0x0000000086e00000| Untracked 
| 110|0x0000000086e00000, 0x0000000086f00000, 0x0000000086f00000|100%| O|  |TAMS 0x0000000086f00000, 0x0000000086f00000| Untracked 
| 111|0x0000000086f00000, 0x0000000087000000, 0x0000000087000000|100%| O|  |TAMS 0x0000000087000000, 0x0000000087000000| Untracked 
| 112|0x0000000087000000, 0x0000000087100000, 0x0000000087100000|100%| O|  |TAMS 0x0000000087100000, 0x0000000087100000| Untracked 
| 113|0x0000000087100000, 0x0000000087200000, 0x0000000087200000|100%| O|  |TAMS 0x0000000087200000, 0x0000000087200000| Untracked 
| 114|0x0000000087200000, 0x0000000087300000, 0x0000000087300000|100%| O|  |TAMS 0x0000000087300000, 0x0000000087300000| Untracked 
| 115|0x0000000087300000, 0x0000000087400000, 0x0000000087400000|100%| O|  |TAMS 0x0000000087400000, 0x0000000087400000| Untracked 
| 116|0x0000000087400000, 0x0000000087500000, 0x0000000087500000|100%| O|  |TAMS 0x0000000087500000, 0x0000000087500000| Untracked 
| 117|0x0000000087500000, 0x0000000087600000, 0x0000000087600000|100%| O|  |TAMS 0x00000000875a9c00, 0x0000000087600000| Untracked 
| 118|0x0000000087600000, 0x0000000087700000, 0x0000000087700000|100%|HS|  |TAMS 0x0000000087600000, 0x0000000087700000| Complete 
| 119|0x0000000087700000, 0x0000000087800000, 0x0000000087800000|100%|HS|  |TAMS 0x0000000087700000, 0x0000000087800000| Complete 
| 120|0x0000000087800000, 0x000000008784b200, 0x0000000087900000| 29%| O|  |TAMS 0x0000000087800000, 0x000000008784b200| Untracked 
| 121|0x0000000087900000, 0x0000000087900000, 0x0000000087a00000|  0%| F|  |TAMS 0x0000000087900000, 0x0000000087900000| Untracked 
| 122|0x0000000087a00000, 0x0000000087a00000, 0x0000000087b00000|  0%| F|  |TAMS 0x0000000087a00000, 0x0000000087a00000| Untracked 
| 123|0x0000000087b00000, 0x0000000087b00000, 0x0000000087c00000|  0%| F|  |TAMS 0x0000000087b00000, 0x0000000087b00000| Untracked 
| 124|0x0000000087c00000, 0x0000000087c00000, 0x0000000087d00000|  0%| F|  |TAMS 0x0000000087c00000, 0x0000000087c00000| Untracked 
| 125|0x0000000087d00000, 0x0000000087d00000, 0x0000000087e00000|  0%| F|  |TAMS 0x0000000087d00000, 0x0000000087d00000| Untracked 
| 126|0x0000000087e00000, 0x0000000087e00000, 0x0000000087f00000|  0%| F|  |TAMS 0x0000000087e00000, 0x0000000087e00000| Untracked 
| 127|0x0000000087f00000, 0x0000000087f00000, 0x0000000088000000|  0%| F|  |TAMS 0x0000000087f00000, 0x0000000087f00000| Untracked 
| 128|0x0000000088000000, 0x0000000088000000, 0x0000000088100000|  0%| F|  |TAMS 0x0000000088000000, 0x0000000088000000| Untracked 
| 129|0x0000000088100000, 0x0000000088100000, 0x0000000088200000|  0%| F|  |TAMS 0x0000000088100000, 0x0000000088100000| Untracked 
| 130|0x0000000088200000, 0x0000000088200000, 0x0000000088300000|  0%| F|  |TAMS 0x0000000088200000, 0x0000000088200000| Untracked 
| 131|0x0000000088300000, 0x0000000088300000, 0x0000000088400000|  0%| F|  |TAMS 0x0000000088300000, 0x0000000088300000| Untracked 
| 132|0x0000000088400000, 0x0000000088400000, 0x0000000088500000|  0%| F|  |TAMS 0x0000000088400000, 0x0000000088400000| Untracked 
| 133|0x0000000088500000, 0x0000000088500000, 0x0000000088600000|  0%| F|  |TAMS 0x0000000088500000, 0x0000000088500000| Untracked 
| 134|0x0000000088600000, 0x0000000088600000, 0x0000000088700000|  0%| F|  |TAMS 0x0000000088600000, 0x0000000088600000| Untracked 
| 135|0x0000000088700000, 0x0000000088700000, 0x0000000088800000|  0%| F|  |TAMS 0x0000000088700000, 0x0000000088700000| Untracked 
| 136|0x0000000088800000, 0x0000000088800000, 0x0000000088900000|  0%| F|  |TAMS 0x0000000088800000, 0x0000000088800000| Untracked 
| 137|0x0000000088900000, 0x0000000088900000, 0x0000000088a00000|  0%| F|  |TAMS 0x0000000088900000, 0x0000000088900000| Untracked 
| 138|0x0000000088a00000, 0x0000000088a00000, 0x0000000088b00000|  0%| F|  |TAMS 0x0000000088a00000, 0x0000000088a00000| Untracked 
| 139|0x0000000088b00000, 0x0000000088b00000, 0x0000000088c00000|  0%| F|  |TAMS 0x0000000088b00000, 0x0000000088b00000| Untracked 
| 140|0x0000000088c00000, 0x0000000088c00000, 0x0000000088d00000|  0%| F|  |TAMS 0x0000000088c00000, 0x0000000088c00000| Untracked 
| 141|0x0000000088d00000, 0x0000000088d00000, 0x0000000088e00000|  0%| F|  |TAMS 0x0000000088d00000, 0x0000000088d00000| Untracked 
| 142|0x0000000088e00000, 0x0000000088e00000, 0x0000000088f00000|  0%| F|  |TAMS 0x0000000088e00000, 0x0000000088e00000| Untracked 
| 143|0x0000000088f00000, 0x0000000088f00000, 0x0000000089000000|  0%| F|  |TAMS 0x0000000088f00000, 0x0000000088f00000| Untracked 
| 144|0x0000000089000000, 0x0000000089000000, 0x0000000089100000|  0%| F|  |TAMS 0x0000000089000000, 0x0000000089000000| Untracked 
| 145|0x0000000089100000, 0x0000000089100000, 0x0000000089200000|  0%| F|  |TAMS 0x0000000089100000, 0x0000000089100000| Untracked 
| 146|0x0000000089200000, 0x0000000089200000, 0x0000000089300000|  0%| F|  |TAMS 0x0000000089200000, 0x0000000089200000| Untracked 
| 147|0x0000000089300000, 0x0000000089300000, 0x0000000089400000|  0%| F|  |TAMS 0x0000000089300000, 0x0000000089300000| Untracked 
| 148|0x0000000089400000, 0x0000000089400000, 0x0000000089500000|  0%| F|  |TAMS 0x0000000089400000, 0x0000000089400000| Untracked 
| 149|0x0000000089500000, 0x0000000089500000, 0x0000000089600000|  0%| F|  |TAMS 0x0000000089500000, 0x0000000089500000| Untracked 
| 150|0x0000000089600000, 0x0000000089600000, 0x0000000089700000|  0%| F|  |TAMS 0x0000000089600000, 0x0000000089600000| Untracked 
| 151|0x0000000089700000, 0x0000000089700000, 0x0000000089800000|  0%| F|  |TAMS 0x0000000089700000, 0x0000000089700000| Untracked 
| 152|0x0000000089800000, 0x0000000089800000, 0x0000000089900000|  0%| F|  |TAMS 0x0000000089800000, 0x0000000089800000| Untracked 
| 153|0x0000000089900000, 0x0000000089900000, 0x0000000089a00000|  0%| F|  |TAMS 0x0000000089900000, 0x0000000089900000| Untracked 
| 154|0x0000000089a00000, 0x0000000089a00000, 0x0000000089b00000|  0%| F|  |TAMS 0x0000000089a00000, 0x0000000089a00000| Untracked 
| 155|0x0000000089b00000, 0x0000000089b00000, 0x0000000089c00000|  0%| F|  |TAMS 0x0000000089b00000, 0x0000000089b00000| Untracked 
| 156|0x0000000089c00000, 0x0000000089c00000, 0x0000000089d00000|  0%| F|  |TAMS 0x0000000089c00000, 0x0000000089c00000| Untracked 
| 157|0x0000000089d00000, 0x0000000089d00000, 0x0000000089e00000|  0%| F|  |TAMS 0x0000000089d00000, 0x0000000089d00000| Untracked 
| 158|0x0000000089e00000, 0x0000000089e00000, 0x0000000089f00000|  0%| F|  |TAMS 0x0000000089e00000, 0x0000000089e00000| Untracked 
| 159|0x0000000089f00000, 0x0000000089f00000, 0x000000008a000000|  0%| F|  |TAMS 0x0000000089f00000, 0x0000000089f00000| Untracked 
| 160|0x000000008a000000, 0x000000008a000000, 0x000000008a100000|  0%| F|  |TAMS 0x000000008a000000, 0x000000008a000000| Untracked 
| 161|0x000000008a100000, 0x000000008a100000, 0x000000008a200000|  0%| F|  |TAMS 0x000000008a100000, 0x000000008a100000| Untracked 
| 162|0x000000008a200000, 0x000000008a200000, 0x000000008a300000|  0%| F|  |TAMS 0x000000008a200000, 0x000000008a200000| Untracked 
| 163|0x000000008a300000, 0x000000008a300000, 0x000000008a400000|  0%| F|  |TAMS 0x000000008a300000, 0x000000008a300000| Untracked 
| 164|0x000000008a400000, 0x000000008a400000, 0x000000008a500000|  0%| F|  |TAMS 0x000000008a400000, 0x000000008a400000| Untracked 
| 165|0x000000008a500000, 0x000000008a600000, 0x000000008a600000|100%| S|CS|TAMS 0x000000008a500000, 0x000000008a500000| Complete 
| 166|0x000000008a600000, 0x000000008a700000, 0x000000008a700000|100%| S|CS|TAMS 0x000000008a600000, 0x000000008a600000| Complete 
| 167|0x000000008a700000, 0x000000008a800000, 0x000000008a800000|100%| S|CS|TAMS 0x000000008a700000, 0x000000008a700000| Complete 
| 168|0x000000008a800000, 0x000000008a800000, 0x000000008a900000|  0%| F|  |TAMS 0x000000008a800000, 0x000000008a800000| Untracked 
| 169|0x000000008a900000, 0x000000008a900000, 0x000000008aa00000|  0%| F|  |TAMS 0x000000008a900000, 0x000000008a900000| Untracked 
| 170|0x000000008aa00000, 0x000000008aa00000, 0x000000008ab00000|  0%| F|  |TAMS 0x000000008aa00000, 0x000000008aa00000| Untracked 

Card table byte_map: [0x0000027a73110000,0x0000027a73510000] _byte_map_base: 0x0000027a72d10000

Marking Bits (Prev, Next): (CMBitMap*) 0x0000027a6b15cff0, (CMBitMap*) 0x0000027a6b15cfb8
 Prev Bits: [0x0000027a75910000, 0x0000027a77910000)
 Next Bits: [0x0000027a73910000, 0x0000027a75910000)

Polling page: 0x0000027a69120000

Metaspace:

Usage:
  Non-class:     81.25 MB capacity,    79.12 MB ( 97%) used,     1.84 MB (  2%) free+waste,   287.38 KB ( <1%) overhead. 
      Class:     13.38 MB capacity,    12.12 MB ( 91%) used,     1.12 MB (  8%) free+waste,   137.56 KB (  1%) overhead. 
       Both:     94.63 MB capacity,    91.25 MB ( 96%) used,     2.96 MB (  3%) free+waste,   424.94 KB ( <1%) overhead. 

Virtual space:
  Non-class space:       82.00 MB reserved,      81.25 MB (>99%) committed 
      Class space:      504.00 MB reserved,      13.49 MB (  3%) committed 
             Both:      586.00 MB reserved,      94.74 MB ( 16%) committed 

Chunk freelists:
   Non-Class:  256 bytes
       Class:  0 bytes
        Both:  256 bytes

CodeHeap 'non-profiled nmethods': size=120000Kb used=6656Kb max_used=6656Kb free=113343Kb
 bounds [0x0000027a07ad0000, 0x0000027a08160000, 0x0000027a0f000000]
CodeHeap 'profiled nmethods': size=120000Kb used=25656Kb max_used=25656Kb free=94343Kb
 bounds [0x0000027a005a0000, 0x0000027a01eb0000, 0x0000027a07ad0000]
CodeHeap 'non-nmethods': size=5760Kb used=2307Kb max_used=2358Kb free=3452Kb
 bounds [0x0000027a00000000, 0x0000027a00270000, 0x0000027a005a0000]
 total_blobs=12398 nmethods=11476 adapters=833
 compilation: enabled
              stopped_count=0, restarted_count=0
 full_count=0

Compilation events (10 events):
Event: 181.182 Thread 0x0000027a7a59b000 11619       3       com.android.build.gradle.internal.dsl.decorator.LockableSet::<init> (27 bytes)
Event: 181.183 Thread 0x0000027a7a59b000 nmethod 11619 0x0000027a01eaaa90 code [0x0000027a01eaad40, 0x0000027a01eab938]
Event: 181.183 Thread 0x0000027a7a59b000 11623       3       com.android.resources.Density::isRecommended (84 bytes)
Event: 181.183 Thread 0x0000027a7a59b000 nmethod 11623 0x0000027a01eabd90 code [0x0000027a01eabf40, 0x0000027a01eac1f8]
Event: 181.183 Thread 0x0000027a7a59b000 11621       3       com.android.build.gradle.internal.dsl.decorator.AndroidPluginDslDecoratorKt::getAndroidPluginDslDecorator (4 bytes)
Event: 181.183 Thread 0x0000027a7a59b000 nmethod 11621 0x0000027a01eac310 code [0x0000027a01eac4a0, 0x0000027a01eac598]
Event: 181.183 Thread 0x0000027a7a59b000 11622       3       com.android.build.gradle.internal.dsl.decorator.DslDecorator::decorate (36 bytes)
Event: 181.184 Thread 0x0000027a7a59b000 nmethod 11622 0x0000027a01eac610 code [0x0000027a01eac860, 0x0000027a01ead098]
Event: 181.187 Thread 0x0000027a7a59b000 11624       3       com.google.common.cache.LocalCache::isExpired (57 bytes)
Event: 181.188 Thread 0x0000027a7a59b000 nmethod 11624 0x0000027a01ead390 code [0x0000027a01ead5a0, 0x0000027a01eadde8]

GC Heap History (10 events):
Event: 178.576 GC heap after
{Heap after GC invocations=52 (full 0):
 garbage-first heap   total 145408K, used 109040K [0x0000000080000000, 0x0000000100000000)
  region size 1024K, 1 young (1024K), 1 survivors (1024K)
 Metaspace       used 92355K, capacity 95355K, committed 95608K, reserved 600064K
  class space    used 12290K, capacity 13414K, committed 13432K, reserved 516096K
}
Event: 179.446 GC heap before
{Heap before GC invocations=53 (full 0):
 garbage-first heap   total 145408K, used 117232K [0x0000000080000000, 0x0000000100000000)
  region size 1024K, 10 young (10240K), 1 survivors (1024K)
 Metaspace       used 92459K, capacity 95497K, committed 95736K, reserved 600064K
  class space    used 12305K, capacity 13459K, committed 13560K, reserved 516096K
}
Event: 179.455 GC heap after
{Heap after GC invocations=54 (full 0):
 garbage-first heap   total 175104K, used 112959K [0x0000000080000000, 0x0000000100000000)
  region size 1024K, 2 young (2048K), 2 survivors (2048K)
 Metaspace       used 92459K, capacity 95497K, committed 95736K, reserved 600064K
  class space    used 12305K, capacity 13459K, committed 13560K, reserved 516096K
}
Event: 180.069 GC heap before
{Heap before GC invocations=54 (full 0):
 garbage-first heap   total 175104K, used 130367K [0x0000000080000000, 0x0000000100000000)
  region size 1024K, 19 young (19456K), 2 survivors (2048K)
 Metaspace       used 93076K, capacity 96320K, committed 96632K, reserved 600064K
  class space    used 12387K, capacity 13631K, committed 13688K, reserved 516096K
}
Event: 180.081 GC heap after
{Heap after GC invocations=55 (full 0):
 garbage-first heap   total 175104K, used 117310K [0x0000000080000000, 0x0000000100000000)
  region size 1024K, 3 young (3072K), 3 survivors (3072K)
 Metaspace       used 93076K, capacity 96320K, committed 96632K, reserved 600064K
  class space    used 12387K, capacity 13631K, committed 13688K, reserved 516096K
}
Event: 180.743 GC heap before
{Heap before GC invocations=56 (full 0):
 garbage-first heap   total 175104K, used 133694K [0x0000000080000000, 0x0000000100000000)
  region size 1024K, 20 young (20480K), 3 survivors (3072K)
 Metaspace       used 93415K, capacity 96822K, committed 97016K, reserved 600064K
  class space    used 12412K, capacity 13696K, committed 13816K, reserved 516096K
}
Event: 180.823 GC heap after
{Heap after GC invocations=57 (full 0):
 garbage-first heap   total 175104K, used 120476K [0x0000000080000000, 0x0000000100000000)
  region size 1024K, 3 young (3072K), 3 survivors (3072K)
 Metaspace       used 93415K, capacity 96822K, committed 97016K, reserved 600064K
  class space    used 12412K, capacity 13696K, committed 13816K, reserved 516096K
}
Event: 181.212 GC heap before
{Heap before GC invocations=57 (full 0):
 garbage-first heap   total 175104K, used 127644K [0x0000000080000000, 0x0000000100000000)
  region size 1024K, 11 young (11264K), 3 survivors (3072K)
 Metaspace       used 93436K, capacity 96896K, committed 97016K, reserved 600064K
  class space    used 12414K, capacity 13698K, committed 13816K, reserved 516096K
}
Event: 181.220 GC heap after
{Heap after GC invocations=58 (full 0):
 garbage-first heap   total 175104K, used 122170K [0x0000000080000000, 0x0000000100000000)
  region size 1024K, 2 young (2048K), 2 survivors (2048K)
 Metaspace       used 93436K, capacity 96896K, committed 97016K, reserved 600064K
  class space    used 12414K, capacity 13698K, committed 13816K, reserved 516096K
}
Event: 181.569 GC heap before
{Heap before GC invocations=59 (full 0):
 garbage-first heap   total 175104K, used 125242K [0x0000000080000000, 0x0000000100000000)
  region size 1024K, 5 young (5120K), 2 survivors (2048K)
 Metaspace       used 93436K, capacity 96896K, committed 97016K, reserved 600064K
  class space    used 12414K, capacity 13698K, committed 13816K, reserved 516096K
}

Deoptimization events (10 events):
Event: 178.924 Thread 0x0000027a7bc6d000 Uncommon trap: reason=unstable_if action=reinterpret pc=0x0000027a080a808c method=groovy.lang.MetaClassImpl.filterPropertyMethod(Ljava/lang/Object;ZZ)Ljava/lang/Object; @ 80 c2
Event: 179.477 Thread 0x0000027a7bc6d000 Uncommon trap: reason=unstable_if action=reinterpret pc=0x0000027a080c9a20 method=java.io.WinNTFileSystem.resolve(Ljava/lang/String;Ljava/lang/String;)Ljava/lang/String; @ 83 c2
Event: 179.481 Thread 0x0000027a7bc6d000 Uncommon trap: reason=unstable_if action=reinterpret pc=0x0000027a07ecb65c method=groovy.lang.MetaClassImpl.checkIfStdMethod(Lgroovy/lang/MetaMethod;)V @ 167 c2
Event: 179.508 Thread 0x0000027a7bc6d000 Uncommon trap: reason=class_check action=maybe_recompile pc=0x0000027a080ed758 method=groovy.lang.MetaMethod.isStatic()Z @ 1 c2
Event: 179.509 Thread 0x0000027a7bc6d000 Uncommon trap: reason=class_check action=maybe_recompile pc=0x0000027a080ed758 method=groovy.lang.MetaMethod.isStatic()Z @ 1 c2
Event: 179.510 Thread 0x0000027a7bc6d000 Uncommon trap: reason=class_check action=maybe_recompile pc=0x0000027a080ed758 method=groovy.lang.MetaMethod.isStatic()Z @ 1 c2
Event: 179.511 Thread 0x0000027a7bc6d000 Uncommon trap: reason=class_check action=maybe_recompile pc=0x0000027a080ed758 method=groovy.lang.MetaMethod.isStatic()Z @ 1 c2
Event: 180.606 Thread 0x0000027a7bc6d000 Uncommon trap: reason=unstable_if action=reinterpret pc=0x0000027a07e64f2c method=com.esotericsoftware.kryo.io.Output.writeString(Ljava/lang/String;)V @ 39 c2
Event: 180.611 Thread 0x0000027a7bc6d000 Uncommon trap: reason=unstable_if action=reinterpret pc=0x0000027a080eefd0 method=java.lang.StringLatin1.lastIndexOf([BI[BII)I @ 111 c2
Event: 180.851 Thread 0x0000027a7e4df000 Uncommon trap: reason=unstable_if action=reinterpret pc=0x0000027a080ce004 method=java.util.concurrent.ConcurrentLinkedQueue.updateHead(Ljava/util/concurrent/ConcurrentLinkedQueue$Node;Ljava/util/concurrent/ConcurrentLinkedQueue$Node;)V @ 14 c2

Classes redefined (0 events):
No events

Internal exceptions (10 events):
Event: 181.277 Thread 0x0000027a7bc6d000 Exception <a 'java/security/PrivilegedActionException'{0x000000008aae8dc0}> (0x000000008aae8dc0) thrown at [./open/src/hotspot/share/prims/jvm.cpp, line 1305]
Event: 181.277 Thread 0x0000027a7bc6d000 Exception <a 'java/security/PrivilegedActionException'{0x000000008aaea080}> (0x000000008aaea080) thrown at [./open/src/hotspot/share/prims/jvm.cpp, line 1305]
Event: 181.277 Thread 0x0000027a7bc6d000 Exception <a 'java/security/PrivilegedActionException'{0x000000008aaed0c0}> (0x000000008aaed0c0) thrown at [./open/src/hotspot/share/prims/jvm.cpp, line 1305]
Event: 181.277 Thread 0x0000027a7bc6d000 Exception <a 'java/security/PrivilegedActionException'{0x000000008aaee380}> (0x000000008aaee380) thrown at [./open/src/hotspot/share/prims/jvm.cpp, line 1305]
Event: 181.277 Thread 0x0000027a7bc6d000 Exception <a 'java/security/PrivilegedActionException'{0x000000008aaf1448}> (0x000000008aaf1448) thrown at [./open/src/hotspot/share/prims/jvm.cpp, line 1305]
Event: 181.277 Thread 0x0000027a7bc6d000 Exception <a 'java/security/PrivilegedActionException'{0x000000008aaf2708}> (0x000000008aaf2708) thrown at [./open/src/hotspot/share/prims/jvm.cpp, line 1305]
Event: 181.278 Thread 0x0000027a7bc6d000 Exception <a 'java/security/PrivilegedActionException'{0x000000008aaf5650}> (0x000000008aaf5650) thrown at [./open/src/hotspot/share/prims/jvm.cpp, line 1305]
Event: 181.278 Thread 0x0000027a7bc6d000 Exception <a 'java/security/PrivilegedActionException'{0x000000008aaf6910}> (0x000000008aaf6910) thrown at [./open/src/hotspot/share/prims/jvm.cpp, line 1305]
Event: 181.369 Thread 0x0000027a7bc6d000 Exception <a 'java/security/PrivilegedActionException'{0x000000008a9a6af0}> (0x000000008a9a6af0) thrown at [./open/src/hotspot/share/prims/jvm.cpp, line 1305]
Event: 181.369 Thread 0x0000027a7bc6d000 Exception <a 'java/security/PrivilegedActionException'{0x000000008a9a7db0}> (0x000000008a9a7db0) thrown at [./open/src/hotspot/share/prims/jvm.cpp, line 1305]

Events (10 events):
Event: 181.140 loading class build_ebnpfg6ceg89hhlxjf5orwhuaCustomizer done
Event: 181.140 loading class build_ebnpfg6ceg89hhlxjf5orwhuaCustomizer
Event: 181.140 loading class build_ebnpfg6ceg89hhlxjf5orwhuaCustomizer done
Event: 181.212 Executing VM operation: G1CollectForAllocation
Event: 181.220 Executing VM operation: G1CollectForAllocation done
Event: 181.333 Executing VM operation: CGC_Operation
Event: 181.356 Executing VM operation: CGC_Operation done
Event: 181.400 Executing VM operation: CGC_Operation
Event: 181.401 Executing VM operation: CGC_Operation done
Event: 181.568 Executing VM operation: G1CollectForAllocation


Dynamic libraries:
0x00007ff731000000 - 0x00007ff73100f000 	C:\Program Files\Java\jdk-11.0.16\bin\java.exe
0x00007ffbe2490000 - 0x00007ffbe26a7000 	C:\WINDOWS\SYSTEM32\ntdll.dll
0x00007ffbe1070000 - 0x00007ffbe1134000 	C:\WINDOWS\System32\KERNEL32.DLL
0x00007ffbdf9a0000 - 0x00007ffbdfd46000 	C:\WINDOWS\System32\KERNELBASE.dll
0x00007ffbe00d0000 - 0x00007ffbe01e1000 	C:\WINDOWS\System32\ucrtbase.dll
0x00007ffbbd4d0000 - 0x00007ffbbd4e8000 	C:\Program Files\Java\jdk-11.0.16\bin\jli.dll
0x00007ffbe1d30000 - 0x00007ffbe1de0000 	C:\WINDOWS\System32\ADVAPI32.dll
0x00007ffbbbe40000 - 0x00007ffbbbe55000 	C:\Program Files\Java\jdk-11.0.16\bin\VCRUNTIME140.dll
0x00007ffbe21e0000 - 0x00007ffbe2287000 	C:\WINDOWS\System32\msvcrt.dll
0x00007ffbe1140000 - 0x00007ffbe11e6000 	C:\WINDOWS\System32\sechost.dll
0x00007ffbe2330000 - 0x00007ffbe2447000 	C:\WINDOWS\System32\RPCRT4.dll
0x00007ffbe0c00000 - 0x00007ffbe0dad000 	C:\WINDOWS\System32\USER32.dll
0x00007ffbdfd50000 - 0x00007ffbdfd76000 	C:\WINDOWS\System32\win32u.dll
0x00007ffbe1390000 - 0x00007ffbe13b9000 	C:\WINDOWS\System32\GDI32.dll
0x00007ffbdffb0000 - 0x00007ffbe00c8000 	C:\WINDOWS\System32\gdi32full.dll
0x00007ffbdf810000 - 0x00007ffbdf8aa000 	C:\WINDOWS\System32\msvcp_win.dll
0x00007ffbc6260000 - 0x00007ffbc64f3000 	C:\WINDOWS\WinSxS\amd64_microsoft.windows.common-controls_6595b64144ccf1df_6.0.22621.2361_none_2712ced57382f843\COMCTL32.dll
0x00007ffbd7e20000 - 0x00007ffbd7e2a000 	C:\WINDOWS\SYSTEM32\VERSION.dll
0x00007ffbe0a70000 - 0x00007ffbe0aa1000 	C:\WINDOWS\System32\IMM32.DLL
0x00007ffbae2f0000 - 0x00007ffbae38b000 	C:\Program Files\Java\jdk-11.0.16\bin\msvcp140.dll
0x00007ffb4f470000 - 0x00007ffb4ff88000 	C:\Program Files\Java\jdk-11.0.16\bin\server\jvm.dll
0x00007ffbe0a60000 - 0x00007ffbe0a68000 	C:\WINDOWS\System32\PSAPI.DLL
0x00007ffbd9e50000 - 0x00007ffbd9e84000 	C:\WINDOWS\SYSTEM32\WINMM.dll
0x00007ffba31f0000 - 0x00007ffba31f9000 	C:\WINDOWS\SYSTEM32\WSOCK32.dll
0x00007ffbe2290000 - 0x00007ffbe2301000 	C:\WINDOWS\System32\WS2_32.dll
0x00007ffbde850000 - 0x00007ffbde868000 	C:\WINDOWS\SYSTEM32\kernel.appcore.dll
0x00007ffbda300000 - 0x00007ffbda310000 	C:\Program Files\Java\jdk-11.0.16\bin\verify.dll
0x00007ffbcfde0000 - 0x00007ffbd000e000 	C:\WINDOWS\SYSTEM32\DBGHELP.DLL
0x00007ffbe1de0000 - 0x00007ffbe216a000 	C:\WINDOWS\System32\combase.dll
0x00007ffbe0ab0000 - 0x00007ffbe0b87000 	C:\WINDOWS\System32\OLEAUT32.dll
0x00007ffbcf430000 - 0x00007ffbcf462000 	C:\WINDOWS\SYSTEM32\dbgcore.DLL
0x00007ffbdf920000 - 0x00007ffbdf99a000 	C:\WINDOWS\System32\bcryptPrimitives.dll
0x00007ffbbbab0000 - 0x00007ffbbbad8000 	C:\Program Files\Java\jdk-11.0.16\bin\java.dll
0x00007ffbd48f0000 - 0x00007ffbd48fa000 	C:\Program Files\Java\jdk-11.0.16\bin\jimage.dll
0x00007ffbbac60000 - 0x00007ffbbac76000 	C:\Program Files\Java\jdk-11.0.16\bin\zip.dll
0x00007ffbe13c0000 - 0x00007ffbe1c18000 	C:\WINDOWS\System32\SHELL32.dll
0x00007ffbdd770000 - 0x00007ffbde062000 	C:\WINDOWS\SYSTEM32\windows.storage.dll
0x00007ffbdd630000 - 0x00007ffbdd76e000 	C:\WINDOWS\SYSTEM32\wintypes.dll
0x00007ffbe1c30000 - 0x00007ffbe1d23000 	C:\WINDOWS\System32\SHCORE.dll
0x00007ffbe01f0000 - 0x00007ffbe024e000 	C:\WINDOWS\System32\shlwapi.dll
0x00007ffbdf740000 - 0x00007ffbdf766000 	C:\WINDOWS\SYSTEM32\profapi.dll
0x00007ffbba010000 - 0x00007ffbba029000 	C:\Program Files\Java\jdk-11.0.16\bin\net.dll
0x00007ffbdb350000 - 0x00007ffbdb487000 	C:\WINDOWS\SYSTEM32\WINHTTP.dll
0x00007ffbdecd0000 - 0x00007ffbded39000 	C:\WINDOWS\system32\mswsock.dll
0x00007ffbb9d60000 - 0x00007ffbb9d72000 	C:\Program Files\Java\jdk-11.0.16\bin\nio.dll
0x00007ffbb9d30000 - 0x00007ffbb9d57000 	C:\Users\Mohammed Navab\.gradle\native\e1d6ef7f7dcc3fd88c89a11ec53ec762bb8ba0a96d01ffa2cd45eb1d1d8dd5c5\windows-amd64\native-platform.dll
0x00007ffba4ad0000 - 0x00007ffba4c14000 	C:\Users\Mohammed Navab\.gradle\native\0d407fdbe67a94daf76414ababcb853783967236a71b16ec16e742cd7a986fd3\windows-amd64\native-platform-file-events.dll
0x00007ffbcf8e0000 - 0x00007ffbcf8e9000 	C:\Program Files\Java\jdk-11.0.16\bin\management.dll
0x00007ffbcdc30000 - 0x00007ffbcdc3b000 	C:\Program Files\Java\jdk-11.0.16\bin\management_ext.dll
0x00007ffbdef20000 - 0x00007ffbdef3b000 	C:\WINDOWS\SYSTEM32\CRYPTSP.dll
0x00007ffbde7b0000 - 0x00007ffbde7e5000 	C:\WINDOWS\system32\rsaenh.dll
0x00007ffbdedc0000 - 0x00007ffbdedec000 	C:\WINDOWS\SYSTEM32\USERENV.dll
0x00007ffbdf150000 - 0x00007ffbdf178000 	C:\WINDOWS\SYSTEM32\bcrypt.dll
0x00007ffbdef40000 - 0x00007ffbdef4c000 	C:\WINDOWS\SYSTEM32\CRYPTBASE.dll
0x00007ffbde2c0000 - 0x00007ffbde2ed000 	C:\WINDOWS\SYSTEM32\IPHLPAPI.DLL
0x00007ffbe0250000 - 0x00007ffbe0259000 	C:\WINDOWS\System32\NSI.dll
0x00007ffbdb0d0000 - 0x00007ffbdb0e9000 	C:\WINDOWS\SYSTEM32\dhcpcsvc6.DLL
0x00007ffbdafe0000 - 0x00007ffbdafff000 	C:\WINDOWS\SYSTEM32\dhcpcsvc.DLL
0x00007ffbde2f0000 - 0x00007ffbde3e9000 	C:\WINDOWS\SYSTEM32\DNSAPI.dll

dbghelp: loaded successfully - version: 4.0.5 - missing functions: none
symbol engine: initialized successfully - sym options: 0x614 - pdb path: .;C:\Program Files\Java\jdk-11.0.16\bin;C:\WINDOWS\SYSTEM32;C:\WINDOWS\WinSxS\amd64_microsoft.windows.common-controls_6595b64144ccf1df_6.0.22621.2361_none_2712ced57382f843;C:\Program Files\Java\jdk-11.0.16\bin\server;C:\Users\Mohammed Navab\.gradle\native\e1d6ef7f7dcc3fd88c89a11ec53ec762bb8ba0a96d01ffa2cd45eb1d1d8dd5c5\windows-amd64;C:\Users\Mohammed Navab\.gradle\native\0d407fdbe67a94daf76414ababcb853783967236a71b16ec16e742cd7a986fd3\windows-amd64

VM Arguments:
jvm_args: -XX:MaxMetaspaceSize=512m --add-opens=java.base/java.util=ALL-UNNAMED --add-opens=java.base/java.lang=ALL-UNNAMED --add-opens=java.base/java.lang.invoke=ALL-UNNAMED --add-opens=java.base/java.util=ALL-UNNAMED --add-opens=java.prefs/java.util.prefs=ALL-UNNAMED --add-opens=java.prefs/java.util.prefs=ALL-UNNAMED --add-opens=java.base/java.nio.charset=ALL-UNNAMED --add-opens=java.base/java.net=ALL-UNNAMED --add-opens=java.base/java.util.concurrent.atomic=ALL-UNNAMED -Xmx2048m -Dfile.encoding=windows-1252 -Duser.country=IN -Duser.language=en -Duser.variant 
java_command: org.gradle.launcher.daemon.bootstrap.GradleDaemon 7.5.1
java_class_path (initial): C:\Users\Mohammed Navab\.gradle\wrapper\dists\gradle-7.5.1-all\1ehga6e77gqps5uk2kc5kf1vc\gradle-7.5.1\lib\gradle-launcher-7.5.1.jar
Launcher Type: SUN_STANDARD

[Global flags]
     intx CICompilerCount                          = 4                                         {product} {ergonomic}
   size_t CompressedClassSpaceSize                 = 528482304                                 {product} {ergonomic}
     uint ConcGCThreads                            = 3                                         {product} {ergonomic}
     uint G1ConcRefinementThreads                  = 10                                        {product} {ergonomic}
   size_t G1HeapRegionSize                         = 1048576                                   {product} {ergonomic}
    uintx GCDrainStackTargetSize                   = 64                                        {product} {ergonomic}
   size_t InitialHeapSize                          = 123731968                                 {product} {ergonomic}
   size_t MarkStackSize                            = 4194304                                   {product} {ergonomic}
   size_t MaxHeapSize                              = 2147483648                                {product} {command line}
   size_t MaxMetaspaceSize                         = 536870912                                 {product} {command line}
   size_t MaxNewSize                               = 1287651328                                {product} {ergonomic}
   size_t MinHeapDeltaBytes                        = 1048576                                   {product} {ergonomic}
    uintx NonNMethodCodeHeapSize                   = 5836300                                {pd product} {ergonomic}
    uintx NonProfiledCodeHeapSize                  = 122910970                              {pd product} {ergonomic}
    uintx ProfiledCodeHeapSize                     = 122910970                              {pd product} {ergonomic}
    uintx ReservedCodeCacheSize                    = 251658240                              {pd product} {ergonomic}
     bool SegmentedCodeCache                       = true                                      {product} {ergonomic}
     bool UseCompressedClassPointers               = true                                 {lp64_product} {ergonomic}
     bool UseCompressedOops                        = true                                 {lp64_product} {ergonomic}
     bool UseG1GC                                  = true                                      {product} {ergonomic}
     bool UseLargePagesIndividualAllocation        = false                                  {pd product} {ergonomic}

Logging:
Log output configuration:
 #0: stdout all=warning uptime,level,tags
 #1: stderr all=off uptime,level,tags

Environment Variables:
JAVA_HOME=C:\Program Files\Java\jdk-11.0.16
CLASSPATH=C:\SaifApp\saifApp\android\\gradle\wrapper\gradle-wrapper.jar
PATH=C:\SaifApp\saifApp\android\node_modules\.bin;C:\SaifApp\saifApp\node_modules\.bin;C:\SaifApp\node_modules\.bin;C:\node_modules\.bin;C:\Program Files\nodejs;C:\SaifApp\saifApp\node_modules\.bin;C:\SaifApp\saifApp\node_modules\.bin;C:\SaifApp\node_modules\.bin;C:\node_modules\.bin;C:\Users\Mohammed Navab\AppData\Roaming\npm\node_modules\npm\node_modules\@npmcli\run-script\lib\node-gyp-bin;C:\SaifApp\saifApp\node_modules\.bin;C:\SaifApp\node_modules\.bin;C:\node_modules\.bin;C:\Program Files\nodejs;C:\SaifApp\saifApp\node_modules\react-native\scripts\node_modules\.bin;C:\SaifApp\saifApp\node_modules\react-native\node_modules\.bin;C:\SaifApp\saifApp\node_modules\node_modules\.bin;C:\SaifApp\saifApp\node_modules\.bin;C:\SaifApp\node_modules\.bin;C:\node_modules\.bin;C:\Program Files\nodejs;C:\SaifApp\saifApp\node_modules\.bin;C:\SaifApp\saifApp\node_modules\.bin;C:\SaifApp\node_modules\.bin;C:\node_modules\.bin;C:\Users\Mohammed Navab\AppData\Roaming\npm\node_modules\npm\node_modules\@npmcli\run-script\lib\node-gyp-bin;C:\Program Files\Common Files\Oracle\Java\javapath;C:\WINDOWS\system32;C:\WINDOWS;C:\WINDOWS\System32\Wbem;C:\WINDOWS\System32\WindowsPowerShell\v1.0\;C:\WINDOWS\System32\OpenSSH\;C:\Program Files\Microsoft VS Code\bin;C:\Program Files\Git\cmd;C:\Users\Mohammed Navab\AppData\Local\Programs\Python\Python311\python.exe;C:\Program Files\nodejs\node.exe;C:\Program Files\nodejs\;C:\Users\Mohammed Navab\AppData\Local\Android\Sdk\platform-tools;C:\Users\Mohammed Navab\AppData\Local\Android\Sdk\emulator;C:\Users\Mohammed Navab\AppData\Local\Android\Sdk\tools\bin;C:\Users\Mohammed Navab\AppData\Local\Microsoft\WindowsApps;C:\Users\Mohammed Navab\AppData\Local\GitHubDesktop\bin;C:\ProgramData\Mohammed Navab\GitHubDesktop\bin;C:\Program Files\nodejs\node.exe;C:\Users\Mohammed Navab\AppData\Local\Programs\Python\Python311\python.exe;C:\Users\Mohammed Navab\AppData\Roaming\npm;
USERNAME=Mohammed Navab
OS=Windows_NT
PROCESSOR_IDENTIFIER=AMD64 Family 23 Model 104 Stepping 1, AuthenticAMD



---------------  S Y S T E M  ---------------

OS: Windows 11 , 64 bit Build 22621 (10.0.22621.2428)

CPU:total 12 (initial active 12) (12 cores per cpu, 2 threads per core) family 23 model 104 stepping 1 microcode 0x0, cmov, cx8, fxsr, mmx, sse, sse2, sse3, ssse3, sse4.1, sse4.2, popcnt, avx, avx2, aes, clmul, mmxext, 3dnowpref, lzcnt, sse4a, ht, tsc, tscinvbit, tscinv, bmi1, bmi2, adx,

Memory: 4k page, system-wide physical 7502M (5M free)
TotalPageFile size 30030M (AvailPageFile size 70M)
current process WorkingSet (physical memory assigned to process): 115M, peak: 316M
current process commit charge ("private bytes"): 498M, peak: 568M

vm_info: Java HotSpot(TM) 64-Bit Server VM (11.0.16+11-LTS-199) for windows-amd64 JRE (11.0.16+11-LTS-199), built on Jun 28 2022 08:23:17 by "mach5one" with MS VC++ 15.9 (VS2017)

END.
